#
# There is insufficient memory for the Java Runtime Environment to continue.
# Native memory allocation (malloc) failed to allocate 2097152 bytes for AllocateHeap
# Possible reasons:
#   The system is out of physical RAM or swap space
#   The process is running with CompressedOops enabled, and the Java Heap may be blocking the growth of the native heap
# Possible solutions:
#   Reduce memory load on the system
#   Increase physical memory or swap space
#   Check if swap backing store is full
#   Decrease Java heap size (-Xmx/-Xms)
#   Decrease number of Java threads
#   Decrease Java thread stack sizes (-Xss)
#   Set larger code cache with -XX:ReservedCodeCacheSize=
#   JVM is running with Zero Based Compressed Oops mode in which the Java heap is
#     placed in the first 32GB address space. The Java Heap base address is the
#     maximum limit for the native heap growth. Please use -XX:HeapBaseMinAddress
#     to set the Java Heap base and to place the Java Heap above 32GB virtual address.
# This output file may be truncated or incomplete.
#
#  Out of Memory Error (allocation.cpp:44), pid=13520, tid=10260
#
# JRE version: Java(TM) SE Runtime Environment (21.0.8+12) (build 21.0.8+12-LTS-250)
# Java VM: Java HotSpot(TM) 64-Bit Server VM (21.0.8+12-LTS-250, mixed mode, emulated-client, sharing, tiered, compressed oops, compressed class ptrs, g1 gc, windows-amd64)
# No core dump will be written. Minidumps are not enabled by default on client versions of Windows
#

---------------  S U M M A R Y ------------

Command Line: -XX:TieredStopAtLevel=1 com.gestion.gatway_service.GatwayServiceApplication

Host: 11th Gen Intel(R) Core(TM) i5-1135G7 @ 2.40GHz, 8 cores, 15G,  Windows 11 , 64 bit Build 26100 (10.0.26100.7019)
Time: Thu Dec  4 15:36:01 2025 Paris, Madrid elapsed time: 249.788143 seconds (0d 0h 4m 9s)

---------------  T H R E A D  ---------------

Current thread (0x000001e9394ea6c0):  VMThread "VM Thread"          [id=10260, stack(0x0000000f56a00000,0x0000000f56b00000) (1024K)]

Stack: [0x0000000f56a00000,0x0000000f56b00000]
Native frames: (J=compiled Java code, j=interpreted, Vv=VM code, C=native code)
V  [jvm.dll+0x6cc179]
V  [jvm.dll+0x8584c1]
V  [jvm.dll+0x85a9ee]
V  [jvm.dll+0x85b0c3]
V  [jvm.dll+0x27ebf6]
V  [jvm.dll+0xbfae7]
V  [jvm.dll+0x3455ae]
V  [jvm.dll+0x33fede]
V  [jvm.dll+0x328948]
V  [jvm.dll+0x36b7e4]
V  [jvm.dll+0x860e90]
V  [jvm.dll+0x862214]
V  [jvm.dll+0x862750]
V  [jvm.dll+0x8629f3]
V  [jvm.dll+0x80279b]
V  [jvm.dll+0x6ca85d]
C  [ucrtbase.dll+0x37b0]
C  [KERNEL32.DLL+0x2e8d7]
C  [ntdll.dll+0x8c53c]

VM_Operation (0x0000000f560ff0d0): G1CollectFull, mode: safepoint, requested by thread 0x000001e90169a9e0


---------------  P R O C E S S  ---------------

Threads class SMR info:
_java_thread_list=0x000001e97f338d00, length=16, elements={
0x000001e93950be30, 0x000001e93950ca80, 0x000001e9395116e0, 0x000001e9395149d0,
0x000001e939517130, 0x000001e9395188d0, 0x000001e939519800, 0x000001e9397bfaf0,
0x000001e9397c9340, 0x000001e90146b310, 0x000001e90169bd90, 0x000001e90169b700,
0x000001e901699cc0, 0x000001e901698fa0, 0x000001e90169b070, 0x000001e90169a9e0
}

Java Threads: ( => current thread )
  0x000001e93950be30 JavaThread "Reference Handler"          daemon [_thread_blocked, id=1536, stack(0x0000000f56b00000,0x0000000f56c00000) (1024K)]
  0x000001e93950ca80 JavaThread "Finalizer"                  daemon [_thread_blocked, id=25924, stack(0x0000000f56c00000,0x0000000f56d00000) (1024K)]
  0x000001e9395116e0 JavaThread "Signal Dispatcher"          daemon [_thread_blocked, id=30868, stack(0x0000000f56d00000,0x0000000f56e00000) (1024K)]
  0x000001e9395149d0 JavaThread "Attach Listener"            daemon [_thread_blocked, id=8988, stack(0x0000000f56e00000,0x0000000f56f00000) (1024K)]
  0x000001e939517130 JavaThread "Service Thread"             daemon [_thread_blocked, id=1048, stack(0x0000000f56f00000,0x0000000f57000000) (1024K)]
  0x000001e9395188d0 JavaThread "Monitor Deflation Thread"   daemon [_thread_blocked, id=27860, stack(0x0000000f57000000,0x0000000f57100000) (1024K)]
  0x000001e939519800 JavaThread "C1 CompilerThread0"         daemon [_thread_blocked, id=22320, stack(0x0000000f57100000,0x0000000f57200000) (1024K)]
  0x000001e9397bfaf0 JavaThread "Notification Thread"        daemon [_thread_blocked, id=28140, stack(0x0000000f57300000,0x0000000f57400000) (1024K)]
  0x000001e9397c9340 JavaThread "Common-Cleaner"             daemon [_thread_blocked, id=27200, stack(0x0000000f57400000,0x0000000f57500000) (1024K)]
  0x000001e90146b310 JavaThread "spectator-gauge-polling-0"  daemon [_thread_blocked, id=16192, stack(0x0000000f58600000,0x0000000f58700000) (1024K)]
  0x000001e90169bd90 JavaThread "DestroyJavaVM"                     [_thread_blocked, id=22248, stack(0x0000000f56300000,0x0000000f56400000) (1024K)]
  0x000001e90169b700 JavaThread "File Watcher"               daemon [_thread_blocked, id=6768, stack(0x0000000f56100000,0x0000000f56200000) (1024K)]
  0x000001e901699cc0 JavaThread "File Watcher"               daemon [_thread_blocked, id=26732, stack(0x0000000f56200000,0x0000000f56300000) (1024K)]
  0x000001e901698fa0 JavaThread "File Watcher"               daemon [_thread_blocked, id=29920, stack(0x0000000f57200000,0x0000000f57300000) (1024K)]
  0x000001e90169b070 JavaThread "File Watcher"               daemon [_thread_blocked, id=12036, stack(0x0000000f57500000,0x0000000f57600000) (1024K)]
  0x000001e90169a9e0 JavaThread "Thread-29"                         [_thread_blocked, id=13296, stack(0x0000000f56000000,0x0000000f56100000) (1024K)]
Total: 16

Other Threads:
=>0x000001e9394ea6c0 VMThread "VM Thread"                           [id=10260, stack(0x0000000f56a00000,0x0000000f56b00000) (1024K)]
  0x000001e9394ce880 WatcherThread "VM Periodic Task Thread"        [id=8396, stack(0x0000000f56900000,0x0000000f56a00000) (1024K)]
  0x000001e926669f40 WorkerThread "GC Thread#0"                     [id=22864, stack(0x0000000f56400000,0x0000000f56500000) (1024K)]
  0x000001e97f4f97a0 WorkerThread "GC Thread#1"                     [id=640, stack(0x0000000f57700000,0x0000000f57800000) (1024K)]
  0x000001e97f4f9b40 WorkerThread "GC Thread#2"                     [id=4724, stack(0x0000000f57800000,0x0000000f57900000) (1024K)]
  0x000001e97f4f9ee0 WorkerThread "GC Thread#3"                     [id=16608, stack(0x0000000f57900000,0x0000000f57a00000) (1024K)]
  0x000001e97f5c2900 WorkerThread "GC Thread#4"                     [id=20588, stack(0x0000000f57a00000,0x0000000f57b00000) (1024K)]
  0x000001e97f5c2ca0 WorkerThread "GC Thread#5"                     [id=20136, stack(0x0000000f57b00000,0x0000000f57c00000) (1024K)]
  0x000001e97f6a06b0 WorkerThread "GC Thread#6"                     [id=16204, stack(0x0000000f57c00000,0x0000000f57d00000) (1024K)]
  0x000001e97f6edf40 WorkerThread "GC Thread#7"                     [id=15740, stack(0x0000000f57d00000,0x0000000f57e00000) (1024K)]
  0x000001e92667c0f0 ConcurrentGCThread "G1 Main Marker"            [id=10252, stack(0x0000000f56500000,0x0000000f56600000) (1024K)]
  0x000001e92667cbf0 WorkerThread "G1 Conc#0"                       [id=8368, stack(0x0000000f56600000,0x0000000f56700000) (1024K)]
  0x000001e9002106d0 WorkerThread "G1 Conc#1"                       [id=29236, stack(0x0000000f58100000,0x0000000f58200000) (1024K)]
  0x000001e939399a80 ConcurrentGCThread "G1 Refine#0"               [id=15552, stack(0x0000000f56700000,0x0000000f56800000) (1024K)]
  0x000001e93939c2c0 ConcurrentGCThread "G1 Service"                [id=2248, stack(0x0000000f56800000,0x0000000f56900000) (1024K)]
Total: 15

Threads with active compile tasks:
Total: 0

VM state: at safepoint (normal execution)

VM Mutex/Monitor currently owned by a thread:  ([mutex/lock_event])
[0x00007fffdb690e50] Threads_lock - owner thread: 0x000001e9394ea6c0
[0x00007fffdb690f50] Heap_lock - owner thread: 0x000001e90169a9e0

Heap address: 0x0000000704c00000, size: 4020 MB, Compressed Oops mode: Zero based, Oop shift amount: 3

CDS archive(s) mapped at: [0x000001e93a000000-0x000001e93ac90000-0x000001e93ac90000), size 13172736, SharedBaseAddress: 0x000001e93a000000, ArchiveRelocationMode: 1.
Compressed class space mapped at: 0x000001e93b000000-0x000001e97b000000, reserved size: 1073741824
Narrow klass base: 0x000001e93a000000, Narrow klass shift: 0, Narrow klass range: 0x100000000

GC Precious Log:
 CardTable entry size: 512
 Card Set container configuration: InlinePtr #cards 4 size 8 Array Of Cards #cards 16 size 48 Howl #buckets 8 coarsen threshold 3686 Howl Bitmap #cards 512 size 80 coarsen threshold 460 Card regions per heap region 1 cards per card region 4096
 CPUs: 8 total, 8 available
 Memory: 16078M
 Large Page Support: Disabled
 NUMA Support: Disabled
 Compressed Oops: Enabled (Zero based)
 Heap Region Size: 2M
 Heap Min Capacity: 8M
 Heap Initial Capacity: 252M
 Heap Max Capacity: 4020M
 Pre-touch: Disabled
 Parallel Workers: 8
 Concurrent Workers: 2
 Concurrent Refinement Workers: 8
 Periodic GC: Disabled

Heap:
 garbage-first heap   total 100352K, used 32963K [0x0000000704c00000, 0x0000000800000000)
  region size 2048K, 5 young (10240K), 3 survivors (6144K)
 Metaspace       used 48209K, committed 49408K, reserved 1114112K
  class space    used 6601K, committed 7104K, reserved 1048576K

Heap Regions: E=young(eden), S=young(survivor), O=old, HS=humongous(starts), HC=humongous(continues), CS=collection set, F=free, TAMS=top-at-mark-start, PB=parsable bottom
|   0|0x0000000704c00000, 0x0000000704e00000, 0x0000000704e00000|100%| O|  |TAMS 0x0000000704c00000| PB 0x0000000704c00000| Untracked 
|   1|0x0000000704e00000, 0x0000000704fffff0, 0x0000000705000000| 99%| O|  |TAMS 0x0000000704e00000| PB 0x0000000704e00000| Untracked 
|   2|0x0000000705000000, 0x00000007051fffb0, 0x0000000705200000| 99%| O|  |TAMS 0x0000000705000000| PB 0x0000000705000000| Untracked 
|   3|0x0000000705200000, 0x00000007053ffff0, 0x0000000705400000| 99%| O|  |TAMS 0x0000000705200000| PB 0x0000000705200000| Untracked 
|   4|0x0000000705400000, 0x00000007055ffff8, 0x0000000705600000| 99%| O|  |TAMS 0x0000000705400000| PB 0x0000000705400000| Untracked 
|   5|0x0000000705600000, 0x0000000705800000, 0x0000000705800000|100%| O|  |TAMS 0x0000000705600000| PB 0x0000000705600000| Untracked 
|   6|0x0000000705800000, 0x00000007059ffff8, 0x0000000705a00000| 99%| O|  |TAMS 0x0000000705800000| PB 0x0000000705800000| Untracked 
|   7|0x0000000705a00000, 0x0000000705bffff0, 0x0000000705c00000| 99%| O|  |TAMS 0x0000000705a00000| PB 0x0000000705a00000| Untracked 
|   8|0x0000000705c00000, 0x0000000705dfffe8, 0x0000000705e00000| 99%| O|  |TAMS 0x0000000705c00000| PB 0x0000000705c00000| Untracked 
|   9|0x0000000705e00000, 0x0000000705fffff0, 0x0000000706000000| 99%| O|  |TAMS 0x0000000705e00000| PB 0x0000000705e00000| Untracked 
|  10|0x0000000706000000, 0x00000007061ffff0, 0x0000000706200000| 99%| O|  |TAMS 0x0000000706000000| PB 0x0000000706000000| Untracked 
|  11|0x0000000706200000, 0x0000000706284f20, 0x0000000706400000| 25%| O|  |TAMS 0x0000000706200000| PB 0x0000000706200000| Untracked 
|  12|0x0000000706400000, 0x00000007065989c0, 0x0000000706600000| 79%| O|  |TAMS 0x0000000706400000| PB 0x0000000706400000| Untracked 
|  13|0x0000000706600000, 0x000000070676f990, 0x0000000706800000| 71%| O|  |TAMS 0x0000000706600000| PB 0x0000000706600000| Untracked 
|  14|0x0000000706800000, 0x0000000706863b60, 0x0000000706a00000| 19%| O|  |TAMS 0x0000000706800000| PB 0x0000000706800000| Untracked 
|  15|0x0000000706a00000, 0x0000000706a00000, 0x0000000706c00000|  0%| F|  |TAMS 0x0000000706a00000| PB 0x0000000706a00000| Untracked 
|  16|0x0000000706c00000, 0x0000000706c00000, 0x0000000706e00000|  0%| F|  |TAMS 0x0000000706c00000| PB 0x0000000706c00000| Untracked 
|  17|0x0000000706e00000, 0x0000000706e3fff0, 0x0000000707000000| 12%| S|CS|TAMS 0x0000000706e00000| PB 0x0000000706e00000| Complete 
|  18|0x0000000707000000, 0x0000000707200000, 0x0000000707200000|100%| S|CS|TAMS 0x0000000707000000| PB 0x0000000707000000| Complete 
|  19|0x0000000707200000, 0x0000000707400000, 0x0000000707400000|100%| S|CS|TAMS 0x0000000707200000| PB 0x0000000707200000| Complete 
|  20|0x0000000707400000, 0x0000000707400000, 0x0000000707600000|  0%| F|  |TAMS 0x0000000707400000| PB 0x0000000707400000| Untracked 
|  21|0x0000000707600000, 0x0000000707600000, 0x0000000707800000|  0%| F|  |TAMS 0x0000000707600000| PB 0x0000000707600000| Untracked 
|  22|0x0000000707800000, 0x0000000707800000, 0x0000000707a00000|  0%| F|  |TAMS 0x0000000707800000| PB 0x0000000707800000| Untracked 
|  23|0x0000000707a00000, 0x0000000707a00000, 0x0000000707c00000|  0%| F|  |TAMS 0x0000000707a00000| PB 0x0000000707a00000| Untracked 
|  24|0x0000000707c00000, 0x0000000707c00000, 0x0000000707e00000|  0%| F|  |TAMS 0x0000000707c00000| PB 0x0000000707c00000| Untracked 
|  25|0x0000000707e00000, 0x0000000707e00000, 0x0000000708000000|  0%| F|  |TAMS 0x0000000707e00000| PB 0x0000000707e00000| Untracked 
|  26|0x0000000708000000, 0x0000000708000000, 0x0000000708200000|  0%| F|  |TAMS 0x0000000708000000| PB 0x0000000708000000| Untracked 
|  27|0x0000000708200000, 0x0000000708200000, 0x0000000708400000|  0%| F|  |TAMS 0x0000000708200000| PB 0x0000000708200000| Untracked 
|  28|0x0000000708400000, 0x0000000708400000, 0x0000000708600000|  0%| F|  |TAMS 0x0000000708400000| PB 0x0000000708400000| Untracked 
|  29|0x0000000708600000, 0x0000000708600000, 0x0000000708800000|  0%| F|  |TAMS 0x0000000708600000| PB 0x0000000708600000| Untracked 
|  30|0x0000000708800000, 0x0000000708800000, 0x0000000708a00000|  0%| F|  |TAMS 0x0000000708800000| PB 0x0000000708800000| Untracked 
|  31|0x0000000708a00000, 0x0000000708a00000, 0x0000000708c00000|  0%| F|  |TAMS 0x0000000708a00000| PB 0x0000000708a00000| Untracked 
|  32|0x0000000708c00000, 0x0000000708c00000, 0x0000000708e00000|  0%| F|  |TAMS 0x0000000708c00000| PB 0x0000000708c00000| Untracked 
|  33|0x0000000708e00000, 0x0000000708e00000, 0x0000000709000000|  0%| F|  |TAMS 0x0000000708e00000| PB 0x0000000708e00000| Untracked 
|  34|0x0000000709000000, 0x0000000709000000, 0x0000000709200000|  0%| F|  |TAMS 0x0000000709000000| PB 0x0000000709000000| Untracked 
|  35|0x0000000709200000, 0x0000000709200000, 0x0000000709400000|  0%| F|  |TAMS 0x0000000709200000| PB 0x0000000709200000| Untracked 
|  36|0x0000000709400000, 0x0000000709400000, 0x0000000709600000|  0%| F|  |TAMS 0x0000000709400000| PB 0x0000000709400000| Untracked 
|  37|0x0000000709600000, 0x0000000709600000, 0x0000000709800000|  0%| F|  |TAMS 0x0000000709600000| PB 0x0000000709600000| Untracked 
|  38|0x0000000709800000, 0x0000000709800000, 0x0000000709a00000|  0%| F|  |TAMS 0x0000000709800000| PB 0x0000000709800000| Untracked 
|  39|0x0000000709a00000, 0x0000000709a00000, 0x0000000709c00000|  0%| F|  |TAMS 0x0000000709a00000| PB 0x0000000709a00000| Untracked 
|  40|0x0000000709c00000, 0x0000000709c00000, 0x0000000709e00000|  0%| F|  |TAMS 0x0000000709c00000| PB 0x0000000709c00000| Untracked 
|  41|0x0000000709e00000, 0x0000000709e00000, 0x000000070a000000|  0%| F|  |TAMS 0x0000000709e00000| PB 0x0000000709e00000| Untracked 
|  42|0x000000070a000000, 0x000000070a000000, 0x000000070a200000|  0%| F|  |TAMS 0x000000070a000000| PB 0x000000070a000000| Untracked 
|  43|0x000000070a200000, 0x000000070a200000, 0x000000070a400000|  0%| F|  |TAMS 0x000000070a200000| PB 0x000000070a200000| Untracked 
|  99|0x0000000711200000, 0x0000000711200000, 0x0000000711400000|  0%| F|  |TAMS 0x0000000711200000| PB 0x0000000711200000| Untracked 
| 100|0x0000000711400000, 0x0000000711400000, 0x0000000711600000|  0%| F|  |TAMS 0x0000000711400000| PB 0x0000000711400000| Untracked 
| 101|0x0000000711600000, 0x0000000711600000, 0x0000000711800000|  0%| F|  |TAMS 0x0000000711600000| PB 0x0000000711600000| Untracked 
| 102|0x0000000711800000, 0x000000071199ea58, 0x0000000711a00000| 80%| E|  |TAMS 0x0000000711800000| PB 0x0000000711800000| Complete 
| 125|0x0000000714600000, 0x0000000714800000, 0x0000000714800000|100%| E|CS|TAMS 0x0000000714600000| PB 0x0000000714600000| Complete 

Card table byte_map: [0x000001e932370000,0x000001e932b50000] _byte_map_base: 0x000001e92eb4a000

Marking Bits: (CMBitMap*) 0x000001e92666a640
 Bits: [0x000001e932b50000, 0x000001e936a20000)

Polling page: 0x000001e925d80000

Metaspace:

Usage:
  Non-class:     40.63 MB used.
      Class:      6.45 MB used.
       Both:     47.08 MB used.

Virtual space:
  Non-class space:       64.00 MB reserved,      41.31 MB ( 65%) committed,  1 nodes.
      Class space:        1.00 GB reserved,       6.94 MB ( <1%) committed,  1 nodes.
             Both:        1.06 GB reserved,      48.25 MB (  4%) committed. 

Chunk freelists:
   Non-Class:  6.98 MB
       Class:  9.26 MB
        Both:  16.24 MB

MaxMetaspaceSize: unlimited
CompressedClassSpaceSize: 1.00 GB
Initial GC threshold: 21.00 MB
Current GC threshold: 80.44 MB
CDS: on
 - commit_granule_bytes: 65536.
 - commit_granule_words: 8192.
 - virtual_space_node_default_size: 8388608.
 - enlarge_chunks_in_place: 1.
 - use_allocation_guard: 0.


Internal statistics:

num_allocs_failed_limit: 6.
num_arena_births: 1140.
num_arena_deaths: 442.
num_vsnodes_births: 2.
num_vsnodes_deaths: 0.
num_space_committed: 772.
num_space_uncommitted: 0.
num_chunks_returned_to_freelist: 499.
num_chunks_taken_from_freelist: 3038.
num_chunk_merges: 117.
num_chunk_splits: 2038.
num_chunks_enlarged: 1469.
num_inconsistent_stats: 0.

CodeCache: size=49152Kb used=12994Kb max_used=14091Kb free=36157Kb
 bounds [0x000001e92ea80000, 0x000001e92f850000, 0x000001e931a80000]
 total_blobs=7694 nmethods=7067 adapters=551
 compilation: enabled
              stopped_count=0, restarted_count=0
 full_count=0

Compilation events (20 events):
Event: 248.773 Thread 0x000001e939519800 7149       1       java.util.concurrent.ConcurrentHashMap$BaseIterator::remove (37 bytes)
Event: 248.773 Thread 0x000001e939519800 nmethod 7149 0x000001e92f79e110 code [0x000001e92f79e2c0, 0x000001e92f79e4a0]
Event: 248.776 Thread 0x000001e939519800 7150       1       org.apache.hc.core5.util.ByteArrayBuffer::append (156 bytes)
Event: 248.777 Thread 0x000001e939519800 nmethod 7150 0x000001e92f79d310 code [0x000001e92f79d580, 0x000001e92f79dcf8]
Event: 248.777 Thread 0x000001e939519800 7151       1       org.apache.hc.core5.util.CharArrayBuffer::array (5 bytes)
Event: 248.777 Thread 0x000001e939519800 nmethod 7151 0x000001e92f79d010 code [0x000001e92f79d1a0, 0x000001e92f79d270]
Event: 248.781 Thread 0x000001e939519800 7152       1       org.apache.hc.core5.util.Tokenizer::lambda$delimiters$2 (16 bytes)
Event: 248.781 Thread 0x000001e939519800 nmethod 7152 0x000001e92f79cd10 code [0x000001e92f79cea0, 0x000001e92f79cf68]
Event: 248.781 Thread 0x000001e939519800 7153       1       org.apache.hc.core5.util.Args::notBlank (42 bytes)
Event: 248.782 Thread 0x000001e939519800 nmethod 7153 0x000001e92f79c510 code [0x000001e92f79c720, 0x000001e92f79cad8]
Event: 248.782 Thread 0x000001e939519800 7155       1       org.apache.hc.core5.util.Tokenizer$$Lambda/0x000001e93b5a0000::test (13 bytes)
Event: 248.782 Thread 0x000001e939519800 nmethod 7155 0x000001e92f79c210 code [0x000001e92f79c3a0, 0x000001e92f79c498]
Event: 248.782 Thread 0x000001e939519800 7154       1       org.apache.hc.core5.http.ProtocolVersion::getMajor (5 bytes)
Event: 248.782 Thread 0x000001e939519800 nmethod 7154 0x000001e92f79bf10 code [0x000001e92f79c0a0, 0x000001e92f79c168]
Event: 248.782 Thread 0x000001e939519800 7156       1       org.apache.hc.core5.http.message.BasicClassicHttpRequest::getEntity (5 bytes)
Event: 248.782 Thread 0x000001e939519800 nmethod 7156 0x000001e92f79bc10 code [0x000001e92f79bda0, 0x000001e92f79be70]
Event: 248.783 Thread 0x000001e939519800 7157       1       java.beans.PropertyChangeSupport::firePropertyChange (35 bytes)
Event: 248.783 Thread 0x000001e939519800 nmethod 7157 0x000001e92f79b490 code [0x000001e92f79b660, 0x000001e92f79ba98]
Event: 248.784 Thread 0x000001e939519800 7158       1       java.util.Arrays::sort (24 bytes)
Event: 248.784 Thread 0x000001e939519800 nmethod 7158 0x000001e92f79b110 code [0x000001e92f79b2c0, 0x000001e92f79b3a8]

GC Heap History (20 events):
Event: 2.760 GC heap after
{Heap after GC invocations=8 (full 0):
 garbage-first heap   total 100352K, used 31705K [0x0000000704c00000, 0x0000000800000000)
  region size 2048K, 4 young (8192K), 4 survivors (8192K)
 Metaspace       used 35337K, committed 35968K, reserved 1114112K
  class space    used 4766K, committed 5056K, reserved 1048576K
}
Event: 3.519 GC heap before
{Heap before GC invocations=9 (full 0):
 garbage-first heap   total 100352K, used 76761K [0x0000000704c00000, 0x0000000800000000)
  region size 2048K, 27 young (55296K), 4 survivors (8192K)
 Metaspace       used 43577K, committed 44288K, reserved 1114112K
  class space    used 6026K, committed 6336K, reserved 1048576K
}
Event: 3.525 GC heap after
{Heap after GC invocations=10 (full 0):
 garbage-first heap   total 100352K, used 37251K [0x0000000704c00000, 0x0000000800000000)
  region size 2048K, 3 young (6144K), 3 survivors (6144K)
 Metaspace       used 43577K, committed 44288K, reserved 1114112K
  class space    used 6026K, committed 6336K, reserved 1048576K
}
Event: 129.282 GC heap before
{Heap before GC invocations=10 (full 0):
 garbage-first heap   total 100352K, used 57731K [0x0000000704c00000, 0x0000000800000000)
  region size 2048K, 15 young (30720K), 3 survivors (6144K)
 Metaspace       used 48022K, committed 48832K, reserved 1114112K
  class space    used 6642K, committed 6976K, reserved 1048576K
}
Event: 129.313 GC heap after
{Heap after GC invocations=11 (full 1):
 garbage-first heap   total 100352K, used 29567K [0x0000000704c00000, 0x0000000800000000)
  region size 2048K, 0 young (0K), 0 survivors (0K)
 Metaspace       used 48022K, committed 48832K, reserved 1114112K
  class space    used 6642K, committed 6976K, reserved 1048576K
}
Event: 141.336 GC heap before
{Heap before GC invocations=11 (full 1):
 garbage-first heap   total 100352K, used 74623K [0x0000000704c00000, 0x0000000800000000)
  region size 2048K, 23 young (47104K), 0 survivors (0K)
 Metaspace       used 48242K, committed 49088K, reserved 1114112K
  class space    used 6679K, committed 7040K, reserved 1048576K
}
Event: 141.339 GC heap after
{Heap after GC invocations=12 (full 1):
 garbage-first heap   total 100352K, used 32864K [0x0000000704c00000, 0x0000000800000000)
  region size 2048K, 2 young (4096K), 2 survivors (4096K)
 Metaspace       used 48242K, committed 49088K, reserved 1114112K
  class space    used 6679K, committed 7040K, reserved 1048576K
}
Event: 160.309 GC heap before
{Heap before GC invocations=12 (full 1):
 garbage-first heap   total 100352K, used 75872K [0x0000000704c00000, 0x0000000800000000)
  region size 2048K, 24 young (49152K), 2 survivors (4096K)
 Metaspace       used 48267K, committed 49088K, reserved 1114112K
  class space    used 6681K, committed 7040K, reserved 1048576K
}
Event: 160.312 GC heap after
{Heap after GC invocations=13 (full 1):
 garbage-first heap   total 100352K, used 33180K [0x0000000704c00000, 0x0000000800000000)
  region size 2048K, 2 young (4096K), 2 survivors (4096K)
 Metaspace       used 48267K, committed 49088K, reserved 1114112K
  class space    used 6681K, committed 7040K, reserved 1048576K
}
Event: 192.842 GC heap before
{Heap before GC invocations=13 (full 1):
 garbage-first heap   total 100352K, used 78236K [0x0000000704c00000, 0x0000000800000000)
  region size 2048K, 25 young (51200K), 2 survivors (4096K)
 Metaspace       used 48295K, committed 49152K, reserved 1114112K
  class space    used 6686K, committed 7040K, reserved 1048576K
}
Event: 192.848 GC heap after
{Heap after GC invocations=14 (full 1):
 garbage-first heap   total 100352K, used 33457K [0x0000000704c00000, 0x0000000800000000)
  region size 2048K, 2 young (4096K), 2 survivors (4096K)
 Metaspace       used 48295K, committed 49152K, reserved 1114112K
  class space    used 6686K, committed 7040K, reserved 1048576K
}
Event: 228.601 GC heap before
{Heap before GC invocations=14 (full 1):
 garbage-first heap   total 100352K, used 80561K [0x0000000704c00000, 0x0000000800000000)
  region size 2048K, 26 young (53248K), 2 survivors (4096K)
 Metaspace       used 48322K, committed 49152K, reserved 1114112K
  class space    used 6689K, committed 7040K, reserved 1048576K
}
Event: 228.604 GC heap after
{Heap after GC invocations=15 (full 1):
 garbage-first heap   total 100352K, used 34007K [0x0000000704c00000, 0x0000000800000000)
  region size 2048K, 3 young (6144K), 3 survivors (6144K)
 Metaspace       used 48322K, committed 49152K, reserved 1114112K
  class space    used 6689K, committed 7040K, reserved 1048576K
}
Event: 229.220 GC heap before
{Heap before GC invocations=15 (full 1):
 garbage-first heap   total 100352K, used 81111K [0x0000000704c00000, 0x0000000800000000)
  region size 2048K, 26 young (53248K), 3 survivors (6144K)
 Metaspace       used 48463K, committed 49344K, reserved 1114112K
  class space    used 6699K, committed 7104K, reserved 1048576K
}
Event: 229.224 GC heap after
{Heap after GC invocations=16 (full 1):
 garbage-first heap   total 100352K, used 35579K [0x0000000704c00000, 0x0000000800000000)
  region size 2048K, 3 young (6144K), 3 survivors (6144K)
 Metaspace       used 48463K, committed 49344K, reserved 1114112K
  class space    used 6699K, committed 7104K, reserved 1048576K
}
Event: 231.546 GC heap before
{Heap before GC invocations=16 (full 1):
 garbage-first heap   total 100352K, used 39675K [0x0000000704c00000, 0x0000000800000000)
  region size 2048K, 6 young (12288K), 3 survivors (6144K)
 Metaspace       used 48472K, committed 49408K, reserved 1114112K
  class space    used 6701K, committed 7104K, reserved 1048576K
}
Event: 231.581 GC heap after
{Heap after GC invocations=17 (full 2):
 garbage-first heap   total 100352K, used 26563K [0x0000000704c00000, 0x0000000800000000)
  region size 2048K, 0 young (0K), 0 survivors (0K)
 Metaspace       used 48064K, committed 49408K, reserved 1114112K
  class space    used 6592K, committed 7104K, reserved 1048576K
}
Event: 232.235 GC heap before
{Heap before GC invocations=17 (full 2):
 garbage-first heap   total 100352K, used 83907K [0x0000000704c00000, 0x0000000800000000)
  region size 2048K, 29 young (59392K), 0 survivors (0K)
 Metaspace       used 48207K, committed 49408K, reserved 1114112K
  class space    used 6601K, committed 7104K, reserved 1048576K
}
Event: 232.238 GC heap after
{Heap after GC invocations=18 (full 2):
 garbage-first heap   total 100352K, used 30915K [0x0000000704c00000, 0x0000000800000000)
  region size 2048K, 3 young (6144K), 3 survivors (6144K)
 Metaspace       used 48207K, committed 49408K, reserved 1114112K
  class space    used 6601K, committed 7104K, reserved 1048576K
}
Event: 248.784 GC heap before
{Heap before GC invocations=18 (full 2):
 garbage-first heap   total 100352K, used 32963K [0x0000000704c00000, 0x0000000800000000)
  region size 2048K, 5 young (10240K), 3 survivors (6144K)
 Metaspace       used 48209K, committed 49408K, reserved 1114112K
  class space    used 6601K, committed 7104K, reserved 1048576K
}

Dll operation events (10 events):
Event: 0.005 Loaded shared library C:\Program Files\Java\jdk-21\bin\java.dll
Event: 0.070 Loaded shared library C:\Program Files\Java\jdk-21\bin\net.dll
Event: 0.071 Loaded shared library C:\Program Files\Java\jdk-21\bin\nio.dll
Event: 0.073 Loaded shared library C:\Program Files\Java\jdk-21\bin\zip.dll
Event: 0.158 Loaded shared library C:\Program Files\Java\jdk-21\bin\jimage.dll
Event: 0.548 Loaded shared library C:\Program Files\Java\jdk-21\bin\management.dll
Event: 0.550 Loaded shared library C:\Program Files\Java\jdk-21\bin\management_ext.dll
Event: 1.390 Loaded shared library C:\Program Files\Java\jdk-21\bin\sunmscapi.dll
Event: 3.487 Loaded shared library C:\Program Files\Java\jdk-21\bin\extnet.dll
Event: 3.513 Loaded shared library C:\Program Files\Java\jdk-21\bin\verify.dll

Deoptimization events (0 events):
No events

Classes loaded (20 events):
Event: 17.344 Loading class java/util/stream/ReduceOps$7
Event: 17.344 Loading class java/util/stream/ReduceOps$7 done
Event: 17.344 Loading class java/util/stream/ReduceOps$6ReducingSink
Event: 17.344 Loading class java/util/stream/ReduceOps$6ReducingSink done
Event: 17.367 Loading class java/lang/Throwable$WrappedPrintWriter
Event: 17.367 Loading class java/lang/Throwable$PrintStreamOrWriter
Event: 17.367 Loading class java/lang/Throwable$PrintStreamOrWriter done
Event: 17.367 Loading class java/lang/Throwable$WrappedPrintWriter done
Event: 17.415 Loading class sun/nio/cs/ISO_8859_1$Encoder
Event: 17.415 Loading class sun/nio/cs/ISO_8859_1$Encoder done
Event: 126.246 Loading class java/util/concurrent/locks/AbstractQueuedSynchronizer$SharedNode
Event: 126.246 Loading class java/util/concurrent/locks/AbstractQueuedSynchronizer$SharedNode done
Event: 129.281 Loading class java/util/WeakHashMap$KeyIterator
Event: 129.281 Loading class java/util/WeakHashMap$KeyIterator done
Event: 129.313 Loading class java/lang/ref/Finalizer$2
Event: 129.313 Loading class java/lang/ref/Finalizer$2 done
Event: 129.313 Loading class java/lang/ref/Finalizer$1
Event: 129.313 Loading class java/lang/ref/Finalizer$1 done
Event: 129.674 Loading class java/lang/invoke/WrongMethodTypeException
Event: 129.674 Loading class java/lang/invoke/WrongMethodTypeException done

Classes unloaded (20 events):
Event: 231.556 Thread 0x000001e9394ea6c0 Unloading class 0x000001e93b0ad800 'java/lang/invoke/LambdaForm$MH+0x000001e93b0ad800'
Event: 231.556 Thread 0x000001e9394ea6c0 Unloading class 0x000001e93b0ad400 'java/lang/invoke/LambdaForm$MH+0x000001e93b0ad400'
Event: 231.556 Thread 0x000001e9394ea6c0 Unloading class 0x000001e93b0acc00 'java/lang/invoke/LambdaForm$MH+0x000001e93b0acc00'
Event: 231.556 Thread 0x000001e9394ea6c0 Unloading class 0x000001e93b0ac400 'java/lang/invoke/LambdaForm$MH+0x000001e93b0ac400'
Event: 231.556 Thread 0x000001e9394ea6c0 Unloading class 0x000001e93b088000 'java/lang/invoke/LambdaForm$MH+0x000001e93b088000'
Event: 231.556 Thread 0x000001e9394ea6c0 Unloading class 0x000001e93b02f400 'java/lang/invoke/LambdaForm$MH+0x000001e93b02f400'
Event: 231.556 Thread 0x000001e9394ea6c0 Unloading class 0x000001e93b02ec00 'java/lang/invoke/LambdaForm$MH+0x000001e93b02ec00'
Event: 231.556 Thread 0x000001e9394ea6c0 Unloading class 0x000001e93b02e400 'java/lang/invoke/LambdaForm$MH+0x000001e93b02e400'
Event: 231.556 Thread 0x000001e9394ea6c0 Unloading class 0x000001e93b02e000 'java/lang/invoke/LambdaForm$MH+0x000001e93b02e000'
Event: 231.556 Thread 0x000001e9394ea6c0 Unloading class 0x000001e93b02d000 'java/lang/invoke/LambdaForm$MH+0x000001e93b02d000'
Event: 231.556 Thread 0x000001e9394ea6c0 Unloading class 0x000001e93b02c400 'java/lang/invoke/LambdaForm$MH+0x000001e93b02c400'
Event: 231.556 Thread 0x000001e9394ea6c0 Unloading class 0x000001e93b02c000 'java/lang/invoke/LambdaForm$MH+0x000001e93b02c000'
Event: 231.556 Thread 0x000001e9394ea6c0 Unloading class 0x000001e93b02b800 'java/lang/invoke/LambdaForm$MH+0x000001e93b02b800'
Event: 231.556 Thread 0x000001e9394ea6c0 Unloading class 0x000001e93b02b400 'java/lang/invoke/LambdaForm$MH+0x000001e93b02b400'
Event: 231.556 Thread 0x000001e9394ea6c0 Unloading class 0x000001e93b02b000 'java/lang/invoke/LambdaForm$MH+0x000001e93b02b000'
Event: 231.556 Thread 0x000001e9394ea6c0 Unloading class 0x000001e93b02a400 'java/lang/invoke/LambdaForm$MH+0x000001e93b02a400'
Event: 231.556 Thread 0x000001e9394ea6c0 Unloading class 0x000001e93b029400 'java/lang/invoke/LambdaForm$MH+0x000001e93b029400'
Event: 231.556 Thread 0x000001e9394ea6c0 Unloading class 0x000001e93b028800 'java/lang/invoke/LambdaForm$MH+0x000001e93b028800'
Event: 231.556 Thread 0x000001e9394ea6c0 Unloading class 0x000001e93b028000 'java/lang/invoke/LambdaForm$MH+0x000001e93b028000'
Event: 231.556 Thread 0x000001e9394ea6c0 Unloading class 0x000001e93b009000 'java/lang/invoke/LambdaForm$DMH+0x000001e93b009000'

Classes redefined (0 events):
No events

Internal exceptions (20 events):
Event: 141.329 Thread 0x000001e901698fa0 Exception <a 'sun/nio/fs/WindowsException'{0x00000007080ee850}> (0x00000007080ee850) 
thrown [s\open\src\hotspot\share\prims\jni.cpp, line 520]
Event: 141.568 Thread 0x000001e901698fa0 Exception <a 'java/io/FileNotFoundException'{0x00000007088629a0}> (0x00000007088629a0) 
thrown [s\open\src\hotspot\share\prims\jni.cpp, line 520]
Event: 141.589 Thread 0x000001e901698fa0 Exception <a 'java/io/FileNotFoundException'{0x00000007087e9a70}> (0x00000007087e9a70) 
thrown [s\open\src\hotspot\share\prims\jni.cpp, line 520]
Event: 141.597 Thread 0x000001e90169a350 Exception <a 'java/lang/InterruptedException'{0x0000000708481478}: sleep interrupted> (0x0000000708481478) 
thrown [s\open\src\hotspot\share\prims\jvm.cpp, line 3074]
Event: 160.275 Thread 0x000001e90169a350 Exception <a 'sun/nio/fs/WindowsException'{0x00000007085dfbe0}> (0x00000007085dfbe0) 
thrown [s\open\src\hotspot\share\prims\jni.cpp, line 520]
Event: 160.735 Thread 0x000001e90169a350 Exception <a 'java/io/FileNotFoundException'{0x0000000708b44348}> (0x0000000708b44348) 
thrown [s\open\src\hotspot\share\prims\jni.cpp, line 520]
Event: 160.775 Thread 0x000001e90169a350 Exception <a 'java/io/FileNotFoundException'{0x00000007086cc4c0}> (0x00000007086cc4c0) 
thrown [s\open\src\hotspot\share\prims\jni.cpp, line 520]
Event: 160.788 Thread 0x000001e901698280 Exception <a 'java/lang/InterruptedException'{0x0000000708784dc0}: sleep interrupted> (0x0000000708784dc0) 
thrown [s\open\src\hotspot\share\prims\jvm.cpp, line 3074]
Event: 192.666 Thread 0x000001e90169a350 Exception <a 'sun/nio/fs/WindowsException'{0x00000007085279f0}> (0x00000007085279f0) 
thrown [s\open\src\hotspot\share\prims\jni.cpp, line 520]
Event: 193.584 Thread 0x000001e90169a350 Exception <a 'java/io/FileNotFoundException'{0x0000000708ca5f30}> (0x0000000708ca5f30) 
thrown [s\open\src\hotspot\share\prims\jni.cpp, line 520]
Event: 193.643 Thread 0x000001e90169a350 Exception <a 'java/io/FileNotFoundException'{0x000000070882d480}> (0x000000070882d480) 
thrown [s\open\src\hotspot\share\prims\jni.cpp, line 520]
Event: 193.656 Thread 0x000001e90169b070 Exception <a 'java/lang/InterruptedException'{0x00000007088dd700}: sleep interrupted> (0x00000007088dd700) 
thrown [s\open\src\hotspot\share\prims\jvm.cpp, line 3074]
Event: 228.499 Thread 0x000001e90169a350 Exception <a 'sun/nio/fs/WindowsException'{0x00000007086b0bb8}> (0x00000007086b0bb8) 
thrown [s\open\src\hotspot\share\prims\jni.cpp, line 520]
Event: 228.892 Thread 0x000001e90169a350 Exception <a 'java/io/FileNotFoundException'{0x00000007093f68e0}> (0x00000007093f68e0) 
thrown [s\open\src\hotspot\share\prims\jni.cpp, line 520]
Event: 228.931 Thread 0x000001e90169a350 Exception <a 'java/io/FileNotFoundException'{0x0000000708f85518}> (0x0000000708f85518) 
thrown [s\open\src\hotspot\share\prims\jni.cpp, line 520]
Event: 231.545 Thread 0x000001e901698910 Exception <a 'java/lang/InterruptedException'{0x0000000711643170}: sleep interrupted> (0x0000000711643170) 
thrown [s\open\src\hotspot\share\prims\jvm.cpp, line 3074]
Event: 231.594 Thread 0x000001e97f2ef400 Exception <a 'sun/nio/fs/WindowsException'{0x00000007146bece8}> (0x00000007146bece8) 
thrown [s\open\src\hotspot\share\prims\jni.cpp, line 520]
Event: 231.916 Thread 0x000001e97f2ef400 Exception <a 'java/io/FileNotFoundException'{0x000000070865e128}> (0x000000070865e128) 
thrown [s\open\src\hotspot\share\prims\jni.cpp, line 520]
Event: 231.953 Thread 0x000001e97f2ef400 Exception <a 'java/io/FileNotFoundException'{0x00000007085f8730}> (0x00000007085f8730) 
thrown [s\open\src\hotspot\share\prims\jni.cpp, line 520]
Event: 248.784 Thread 0x000001e97f2ee6e0 Exception <a 'java/lang/InterruptedException'{0x0000000711981138}: sleep interrupted> (0x0000000711981138) 
thrown [s\open\src\hotspot\share\prims\jvm.cpp, line 3074]

ZGC Phase Switch (0 events):
No events

VM Operations (20 events):
Event: 228.604 Executing VM operation: G1CollectForAllocation (G1 Evacuation Pause) done
Event: 229.006 Executing VM operation: HandshakeAllThreads (Deoptimize)
Event: 229.006 Executing VM operation: HandshakeAllThreads (Deoptimize) done
Event: 229.219 Executing VM operation: G1CollectForAllocation (G1 Evacuation Pause)
Event: 229.224 Executing VM operation: G1CollectForAllocation (G1 Evacuation Pause) done
Event: 230.226 Executing VM operation: Cleanup
Event: 230.226 Executing VM operation: Cleanup done
Event: 231.545 Executing VM operation: G1CollectFull (System.gc())
Event: 231.582 Executing VM operation: G1CollectFull (System.gc()) done
Event: 232.234 Executing VM operation: G1CollectForAllocation (G1 Evacuation Pause)
Event: 232.238 Executing VM operation: G1CollectForAllocation (G1 Evacuation Pause) done
Event: 233.239 Executing VM operation: Cleanup
Event: 233.239 Executing VM operation: Cleanup done
Event: 240.582 Executing VM operation: HandshakeAllThreads (HandshakeForDeflation)
Event: 240.582 Executing VM operation: HandshakeAllThreads (HandshakeForDeflation) done
Event: 240.582 Executing VM operation: RendezvousGCThreads
Event: 240.582 Executing VM operation: RendezvousGCThreads done
Event: 242.608 Executing VM operation: Cleanup
Event: 242.608 Executing VM operation: Cleanup done
Event: 248.784 Executing VM operation: G1CollectFull (System.gc())

Events (20 events):
Event: 248.772 Thread 0x000001e90169d140 Thread exited: 0x000001e90169d140
Event: 248.772 Thread 0x000001e901698280 Thread exited: 0x000001e901698280
Event: 248.772 Thread 0x000001e97f2f4fe0 Thread exited: 0x000001e97f2f4fe0
Event: 248.772 Thread 0x000001e901699630 Thread exited: 0x000001e901699630
Event: 248.772 Thread 0x000001e97f2f35a0 Thread exited: 0x000001e97f2f35a0
Event: 248.772 Thread 0x000001e90169a350 Thread exited: 0x000001e90169a350
Event: 248.772 Thread 0x000001e97f2f4950 Thread exited: 0x000001e97f2f4950
Event: 248.772 Thread 0x000001e97f2f5d00 Thread exited: 0x000001e97f2f5d00
Event: 248.772 Thread 0x000001e97f2f2f10 Thread exited: 0x000001e97f2f2f10
Event: 248.772 Thread 0x000001e97f2f42c0 Thread exited: 0x000001e97f2f42c0
Event: 248.772 Thread 0x000001e97f2f2880 Thread exited: 0x000001e97f2f2880
Event: 248.772 Thread 0x000001e97f2f3c30 Thread exited: 0x000001e97f2f3c30
Event: 248.773 Thread 0x000001e97f2f07b0 Thread exited: 0x000001e97f2f07b0
Event: 248.779 Thread 0x000001e97f2f5670 Thread exited: 0x000001e97f2f5670
Event: 248.779 Thread 0x000001e97f2f21f0 Thread exited: 0x000001e97f2f21f0
Event: 248.779 Thread 0x000001e97f2eed70 Thread exited: 0x000001e97f2eed70
Event: 248.782 Thread 0x000001e97f2f0e40 Thread exited: 0x000001e97f2f0e40
Event: 248.784 Thread 0x000001e97f2f0120 Thread exited: 0x000001e97f2f0120
Event: 248.784 Thread 0x000001e97f2f1b60 Thread exited: 0x000001e97f2f1b60
Event: 248.784 Thread 0x000001e97f2ee6e0 Thread exited: 0x000001e97f2ee6e0


Dynamic libraries:
0x00007ff664610000 - 0x00007ff664620000 	C:\Program Files\Java\jdk-21\bin\java.exe
0x00007ff876300000 - 0x00007ff876568000 	C:\WINDOWS\SYSTEM32\ntdll.dll
0x00007ff8760c0000 - 0x00007ff876189000 	C:\WINDOWS\System32\KERNEL32.DLL
0x00007ff873870000 - 0x00007ff873c68000 	C:\WINDOWS\System32\KERNELBASE.dll
0x00007ff873c70000 - 0x00007ff873dbb000 	C:\WINDOWS\System32\ucrtbase.dll
0x00007ff82c8a0000 - 0x00007ff82c8bb000 	C:\Program Files\Java\jdk-21\bin\VCRUNTIME140.dll
0x00007ff82f9c0000 - 0x00007ff82f9d9000 	C:\Program Files\Java\jdk-21\bin\jli.dll
0x00007ff874190000 - 0x00007ff874244000 	C:\WINDOWS\System32\ADVAPI32.dll
0x00007ff8740a0000 - 0x00007ff874149000 	C:\WINDOWS\System32\msvcrt.dll
0x00007ff876190000 - 0x00007ff876236000 	C:\WINDOWS\System32\sechost.dll
0x00007ff875a40000 - 0x00007ff875b58000 	C:\WINDOWS\System32\RPCRT4.dll
0x00007ff875ef0000 - 0x00007ff8760b7000 	C:\WINDOWS\System32\USER32.dll
0x00007ff859960000 - 0x00007ff859bf4000 	C:\WINDOWS\WinSxS\amd64_microsoft.windows.common-controls_6595b64144ccf1df_6.0.26100.7019_none_3e06ffa0e335b8a8\COMCTL32.dll
0x00007ff873fc0000 - 0x00007ff873fe7000 	C:\WINDOWS\System32\win32u.dll
0x00007ff875480000 - 0x00007ff8754ab000 	C:\WINDOWS\System32\GDI32.dll
0x00007ff873740000 - 0x00007ff87386c000 	C:\WINDOWS\System32\gdi32full.dll
0x00007ff873f10000 - 0x00007ff873fb3000 	C:\WINDOWS\System32\msvcp_win.dll
0x00007ff8612f0000 - 0x00007ff8612fb000 	C:\WINDOWS\SYSTEM32\VERSION.dll
0x00007ff874150000 - 0x00007ff874181000 	C:\WINDOWS\System32\IMM32.DLL
0x00007ff868730000 - 0x00007ff86873c000 	C:\Program Files\Java\jdk-21\bin\vcruntime140_1.dll
0x00007ff817d40000 - 0x00007ff817dce000 	C:\Program Files\Java\jdk-21\bin\msvcp140.dll
0x00007fffdaa50000 - 0x00007fffdb76d000 	C:\Program Files\Java\jdk-21\bin\server\jvm.dll
0x00007ff874250000 - 0x00007ff8742c4000 	C:\WINDOWS\System32\WS2_32.dll
0x00007ff8732b0000 - 0x00007ff87330e000 	C:\WINDOWS\SYSTEM32\POWRPROF.dll
0x00007ff857940000 - 0x00007ff857975000 	C:\WINDOWS\SYSTEM32\WINMM.dll
0x00007ff873290000 - 0x00007ff8732a4000 	C:\WINDOWS\SYSTEM32\UMPDC.dll
0x00007ff872210000 - 0x00007ff87222b000 	C:\WINDOWS\SYSTEM32\kernel.appcore.dll
0x00007ff863230000 - 0x00007ff86323a000 	C:\Program Files\Java\jdk-21\bin\jimage.dll
0x00007ff86ffa0000 - 0x00007ff8701e2000 	C:\WINDOWS\SYSTEM32\DBGHELP.DLL
0x00007ff875b60000 - 0x00007ff875eeb000 	C:\WINDOWS\System32\combase.dll
0x00007ff874e10000 - 0x00007ff874ee7000 	C:\WINDOWS\System32\OLEAUT32.dll
0x00007ff8512e0000 - 0x00007ff85131c000 	C:\WINDOWS\SYSTEM32\dbgcore.DLL
0x00007ff873ff0000 - 0x00007ff874095000 	C:\WINDOWS\System32\bcryptPrimitives.dll
0x00007ff827630000 - 0x00007ff82764f000 	C:\Program Files\Java\jdk-21\bin\java.dll
0x00007ff874440000 - 0x00007ff874b8f000 	C:\WINDOWS\System32\SHELL32.dll
0x00007ff8735d0000 - 0x00007ff87373b000 	C:\WINDOWS\System32\wintypes.dll
0x00007ff871040000 - 0x00007ff87189d000 	C:\WINDOWS\SYSTEM32\windows.storage.dll
0x00007ff875150000 - 0x00007ff875242000 	C:\WINDOWS\System32\SHCORE.dll
0x00007ff8750e0000 - 0x00007ff875147000 	C:\WINDOWS\System32\shlwapi.dll
0x00007ff873370000 - 0x00007ff873399000 	C:\WINDOWS\SYSTEM32\profapi.dll
0x00007ff85c960000 - 0x00007ff85c970000 	C:\Program Files\Java\jdk-21\bin\net.dll
0x00007ff863e20000 - 0x00007ff863f48000 	C:\WINDOWS\SYSTEM32\WINHTTP.dll
0x00007ff872780000 - 0x00007ff8727eb000 	C:\WINDOWS\system32\mswsock.dll
0x00007ff827230000 - 0x00007ff827246000 	C:\Program Files\Java\jdk-21\bin\nio.dll
0x00007ff8264e0000 - 0x00007ff8264f8000 	C:\Program Files\Java\jdk-21\bin\zip.dll
0x00007ff8588e0000 - 0x00007ff8588ea000 	C:\Program Files\Java\jdk-21\bin\management.dll
0x00007ff858590000 - 0x00007ff85859b000 	C:\Program Files\Java\jdk-21\bin\management_ext.dll
0x00007ff875550000 - 0x00007ff875558000 	C:\WINDOWS\System32\PSAPI.DLL
0x00007ff871c30000 - 0x00007ff871c64000 	C:\WINDOWS\SYSTEM32\IPHLPAPI.DLL
0x00007ff874ef0000 - 0x00007ff874efa000 	C:\WINDOWS\System32\NSI.dll
0x00007ff871cd0000 - 0x00007ff871dfc000 	C:\WINDOWS\SYSTEM32\DNSAPI.dll
0x00007ff868e00000 - 0x00007ff868e0b000 	C:\Windows\System32\rasadhlp.dll
0x00007ff86a930000 - 0x00007ff86a9b6000 	C:\WINDOWS\System32\fwpuclnt.dll
0x00007ff857c10000 - 0x00007ff857c1e000 	C:\Program Files\Java\jdk-21\bin\sunmscapi.dll
0x00007ff873450000 - 0x00007ff8735c7000 	C:\WINDOWS\System32\CRYPT32.dll
0x00007ff872c60000 - 0x00007ff872c90000 	C:\WINDOWS\SYSTEM32\ncrypt.dll
0x00007ff872c10000 - 0x00007ff872c4f000 	C:\WINDOWS\SYSTEM32\NTASN1.dll
0x00007ff872a40000 - 0x00007ff872a5b000 	C:\WINDOWS\SYSTEM32\CRYPTSP.dll
0x00007ff872170000 - 0x00007ff8721aa000 	C:\WINDOWS\system32\rsaenh.dll
0x00007ff872830000 - 0x00007ff87285b000 	C:\WINDOWS\SYSTEM32\USERENV.dll
0x00007ff873340000 - 0x00007ff87336a000 	C:\WINDOWS\SYSTEM32\bcrypt.dll
0x00007ff872a60000 - 0x00007ff872a6c000 	C:\WINDOWS\SYSTEM32\CRYPTBASE.dll
0x00007ff857220000 - 0x00007ff857229000 	C:\Program Files\Java\jdk-21\bin\extnet.dll
0x00007ff8589e0000 - 0x00007ff8589f0000 	C:\Program Files\Java\jdk-21\bin\verify.dll
0x00007ff856c40000 - 0x00007ff856c48000 	C:\WINDOWS\system32\wshunix.dll

dbghelp: loaded successfully - version: 4.0.5 - missing functions: none
symbol engine: initialized successfully - sym options: 0x614 - pdb path: .;C:\Program Files\Java\jdk-21\bin;C:\WINDOWS\SYSTEM32;C:\WINDOWS\WinSxS\amd64_microsoft.windows.common-controls_6595b64144ccf1df_6.0.26100.7019_none_3e06ffa0e335b8a8;C:\Program Files\Java\jdk-21\bin\server

VM Arguments:
jvm_args: -XX:TieredStopAtLevel=1 
java_command: com.gestion.gatway_service.GatwayServiceApplication
java_class_path (initial): C:\Users\USER\Desktop\Gestion_Events\gatway-service\target\classes;C:\Users\USER\.m2\repository\org\springframework\cloud\spring-cloud-starter-gateway-server-webmvc\5.0.0-RC1\spring-cloud-starter-gateway-server-webmvc-5.0.0-RC1.jar;C:\Users\USER\.m2\repository\org\springframework\cloud\spring-cloud-starter\5.0.0-RC1\spring-cloud-starter-5.0.0-RC1.jar;C:\Users\USER\.m2\repository\org\springframework\cloud\spring-cloud-context\5.0.0-RC1\spring-cloud-context-5.0.0-RC1.jar;C:\Users\USER\.m2\repository\org\springframework\security\spring-security-crypto\7.0.0\spring-security-crypto-7.0.0.jar;C:\Users\USER\.m2\repository\org\springframework\cloud\spring-cloud-commons\5.0.0-RC1\spring-cloud-commons-5.0.0-RC1.jar;C:\Users\USER\.m2\repository\org\bouncycastle\bcprov-jdk18on\1.81\bcprov-jdk18on-1.81.jar;C:\Users\USER\.m2\repository\org\springframework\cloud\spring-cloud-gateway-server-webmvc\5.0.0-RC1\spring-cloud-gateway-server-webmvc-5.0.0-RC1.jar;C:\Users\USER\.m2\repository\org\springframework\boot\spring-boot-restclient\4.0.0\spring-boot-restclient-4.0.0.jar;C:\Users\USER\.m2\repository\org\springframework\boot\spring-boot-http-client\4.0.0\spring-boot-http-client-4.0.0.jar;C:\Users\USER\.m2\repository\org\springframework\boot\spring-boot-validation\4.0.0\spring-boot-validation-4.0.0.jar;C:\Users\USER\.m2\repository\org\apache\tomcat\embed\tomcat-embed-el\11.0.14\tomcat-embed-el-11.0.14.jar;C:\Users\USER\.m2\repository\org\hibernate\validator\hibernate-validator\9.0.1.Final\hibernate-validator-9.0.1.Final.jar;C:\Users\USER\.m2\repository\jakarta\validation\jakarta.validation-api\3.1.1\jakarta.validation-api-3.1.1.jar;C:\Users\USER\.m2\repository\org\jboss\logging\jboss-logging\3.6.1.Final\jboss-logging-3.6.1.Final.jar;C:\Users\USER\.m2\repository\com\fasterxml\classmate\1.7.1\classmate-1.7.1.jar;C:\Users\USER\.m2\repository\org\springframework\boot\spring-boot-jackson\4.0.0\spring-boot-jackson-4.0.0.jar;C:\Users\USER\.m2\repository\tools\jackson\core\jackson-databind\3.0.2\jackson-databind-3.0.2.jar;C:\Users\USER\.m2\repository\tools\jackson\core\jackson-core\3.0.2\jackson-core-3.0.2.jar;C:\Users\USER\.m2\repository\org\springframework\boot\spring-boot-web-server\4.0.0\spring-boot-web-server-4.0.0.jar;C:\Users\USER\.m2\repository\org\apache\tomcat\embed\tomcat-embed-core\11.0.14\tomcat-embed-core-11.0.14.jar;C:\Users\USER\.m2\repository\org\apache\tomcat\embed\tomcat-embed-websocket\11.0.14\tomcat-embed-websocket-11.0.14.jar;C:\Users\USER\.m2\repository\org\springframework\boot\spring-boot-tomcat\4.0.0\spring-boot-tomcat-4.0.0.jar;C:\Users\USER\.m2\repository\org\springframework\boot\spring-boot-http-converter\4.0.0\spring-boot-http-converter-4.0.0.jar;C:\Users\USER\.m2\repository\org\springframework\spring-web\7.0.1\spring-web-7.0.1.jar;C:\Users\USER\.m2\repository\org\springframework\boot\spring-boot-webmvc\4.0.0\spring-boot-webmvc-4.0.0.jar;C:\Users\USER\.m2\repository\org\springframework\boot\spring-boot-servlet\4.0.0\spring-boot-servlet-4.0.0.jar;C:\Users\USER\.m2\repository\org\springframework\spring-webmvc\7.0.1\spring-webmvc-7.0.1.jar;C:\Users\USER\.m2\repository\org\springframework\cloud\spring-cloud-starter-netflix-eureka-client\5.0.0-RC1\spring-cloud-starter-netflix-eureka-client-5.0.0-RC1.jar;C:\Users\USER\.m2\repository\org\springframework\cloud\spring-cloud-netflix-eureka-client\5.0.0-RC1\spring-cloud-netflix-eureka-client-5.0.0-RC1.jar;C:\Users\USER\.m2\repository\org\springframework\boot\spring-boot-jackson2\4.0.0\spring-boot-jackson2-4.0.0.jar;C:\Users\USER\.m2\repository\com\fasterxml\jackson\datatype\jackson-datatype-jdk8\2.20.1\jackson-datatype-jdk8-2.20.1.jar;C:\Users\USER\.m2\repository\com\fasterxml\jackson\datatype\jackson-datatype-jsr310\2.20.1\jackson-datatype-jsr310-2.20.1.jar;C:\Users\USER\.m2\repository\com\fasterxml\jackson\module\jackson-module-parameter-names\2.20.1\jackson-module-parameter-names-2.20.1.jar;C:\Users\USER\.m2\repository\org\apache\httpcomponents\client5\httpclient5\5.5.1\httpclient5-5.5.1.jar;C:\Users\USER\.m2\repository\org\apache\httpcomponents\core5\httpcore5\5.3.6\httpcore5-5.3.6.jar;C:\Users\USER\.m2\repository\org\apache\httpcomponents\core5\httpcore5-h2\5.3.6\httpcore5-h2-5.3.6.jar;C:\Users\USER\.m2\repository\com\netflix\eureka\eureka-client\2.0.5\eureka-client-2.0.5.jar;C:\Users\USER\.m2\repository\com\thoughtworks\xstream\xstream\1.4.21\xstream-1.4.21.jar;C:\Users\USER\.m2\repository\io\github\x-stream\mxparser\1.2.2\mxparser-1.2.2.jar;C:\Users\USER\.m2\repository\xmlpull\xmlpull\1.1.3.1\xmlpull-1.1.3.1.jar;C:\Users\USER\.m2\repository\jakarta\ws\rs\jakarta.ws.rs-api\4.0.0\jakarta.ws.rs-api-4.0.0.jar;C:\Users\USER\.m2\repository\jakarta\inject\jakarta.inject-api\2.0.1\jakarta.inject-api-2.0.1.jar;C:\Users\USER\.m2\repository\jakarta\annotation\jakarta.annotation-api\3.0.0\jakarta.annotation-api-3.0.0.jar;C:\Users\USER\.m2\repository\com\netflix\spectator\spectator-api\1.7.3\spectator-api-1.7.3.jar;C:\Users\USER\.m2\repository\org\slf4j\slf4j-api\2.0.17\slf4j-api-2.0.17.jar;C:\Users\USER\.m2\repository\org\apache\httpcomponents\httpclient\4.5.3\httpclient-4.5.3.jar;C:\Users\USER\.m2\repository\org\apache\httpcomponents\httpcore\4.4.16\httpcore-4.4.16.jar;C:\Users\USER\.m2\repository\commons-codec\commons-codec\1.19.0\commons-codec-1.19.0.jar;C:\Users\USER\.m2\repository\commons-configuration\commons-configuration\1.10\commons-configuration-1.10.jar;C:\Users\USER\.m2\repository\commons-lang\commons-lang\2.6\commons-lang-2.6.jar;C:\Users\USER\.m2\repository\com\fasterxml\jackson\core\jackson-annotations\2.20\jackson-annotations-2.20.jar;C:\Users\USER\.m2\repository\com\fasterxml\jackson\core\jackson-core\2.20.1\jackson-core-2.20.1.jar;C:\Users\USER\.m2\repository\com\fasterxml\jackson\core\jackson-databind\2.20.1\jackson-databind-2.20.1.jar;C:\Users\USER\.m2\repository\com\netflix\netflix-commons\netflix-eventbus\0.3.0\netflix-eventbus-0.3.0.jar;C:\Users\USER\.m2\repository\com\netflix\netflix-commons\netflix-infix\0.3.0\netflix-infix-0.3.0.jar;C:\Users\USER\.m2\repository\commons-jxpath\commons-jxpath\1.3\commons-jxpath-1.3.jar;C:\Users\USER\.m2\repository\joda-time\joda-time\2.3\joda-time-2.3.jar;C:\Users\USER\.m2\repository\org\antlr\antlr-runtime\3.4\antlr-runtime-3.4.jar;C:\Users\USER\.m2\repository\org\antlr\stringtemplate\3.2.1\stringtemplate-3.2.1.jar;C:\Users\USER\.m2\repository\antlr\antlr\2.7.7\antlr-2.7.7.jar;C:\Users\USER\.m2\repository\com\google\guava\guava\14.0.1\guava-14.0.1.jar;C:\Users\USER\.m2\repository\com\google\code\gson\gson\2.13.2\gson-2.13.2.jar;C:\Users\USER\.m2\repository\com\google\errorprone\error_prone_annotations\2.41.0\error_prone_annotations-2.41.0.jar;C:\Users\USER\.m2\repository\com\netflix\servo\servo-core\0.5.3\servo-core-0.5.3.jar;C:\Users\USER\.m2\repository\org\apache\commons\commons-math\2.2\commons-math-2.2.jar;C:\Users\USER\.m2\repository\javax\annotation\javax.annotation-api\1.2\javax.annotation-api-1.2.jar;C:\Users\USER\.m2\repository\org\codehaus\jettison\jettison\1.5.4\jettison-1.5.4.jar;C:\Users\USER\.m2\repository\org\springframework\cloud\spring-cloud-starter-loadbalancer\5.0.0-RC1\spring-cloud-starter-loadbalancer-5.0.0-RC1.jar;C:\Users\USER\.m2\repository\org\springframework\cloud\spring-cloud-loadbalancer\5.0.0-RC1\spring-cloud-loadbalancer-5.0.0-RC1.jar;C:\Users\USER\.m2\repository\io\projectreactor\reactor-core\3.8.0\reactor-core-3.8.0.jar;C:\Users\USER\.m2\repository\org\reactivestreams\reactive-streams\1.0.4\reactive-streams-1.0.4.jar;C:\Users\USER\.m2\repository\io\projectreactor\addons\reactor-extra\3.6.0\reactor-extra-3.6.0.jar;C:\Users\USER\.m2\repository\org\springframework\boot\spring-boot-cache\4.0.0\spring-boot-cache-4.0.0.jar;C:\Users\USER\.m2\repository\org\springframework\spring-context-support\7.0.1\spring-context-support-7.0.1.jar;C:\Users\USER\.m2\repository\com\stoyanr\evictor\1.0.0\evictor-1.0.0.jar;C:\Users\USER\.m2\repository\org\springframework\boot\spring-boot-devtools\4.0.0\spring-boot-devtools-4.0.0.jar;C:\Users\USER\.m2\repository\org\springframework\boot\spring-boot\4.0.0\spring-boot-4.0.0.jar;C:\Users\USER\.m2\repository\org\springframework\spring-context\7.0.1\spring-context-7.0.1.jar;C:\Users\USER\.m2\repository\org\springframework\spring-aop\7.0.1\spring-aop-7.0.1.jar;C:\Users\USER\.m2\repository\org\springframework\spring-beans\7.0.1\spring-beans-7.0.1.jar;C:\Users\USER\.m2\repository\org\springframework\spring-expression\7.0.1\spring-expression-7.0.1.jar;C:\Users\USER\.m2\repository\io\micrometer\micrometer-observation\1.16.0\micrometer-observation-1.16.0.jar;C:\Users\USER\.m2\repository\io\micrometer\micrometer-commons\1.16.0\micrometer-commons-1.16.0.jar;C:\Users\USER\.m2\repository\org\springframework\boot\spring-boot-autoconfigure\4.0.0\spring-boot-autoconfigure-4.0.0.jar;C:\Users\USER\.m2\repository\ch\qos\logback\logback-classic\1.5.21\logback-classic-1.5.21.jar;C:\Users\USER\.m2\repository\ch\qos\logback\logback-core\1.5.21\logback-core-1.5.21.jar;C:\Users\USER\.m2\repository\org\apache\logging\log4j\log4j-to-slf4j\2.25.2\log4j-to-slf4j-2.25.2.jar;C:\Users\USER\.m2\repository\org\apache\logging\log4j\log4j-api\2.25.2\log4j-api-2.25.2.jar;C:\Users\USER\.m2\repository\org\slf4j\jul-to-slf4j\2.0.17\jul-to-slf4j-2.0.17.jar;C:\Users\USER\.m2\repository\org\yaml\snakeyaml\2.5\snakeyaml-2.5.jar;C:\Users\USER\.m2\repository\org\springframework\spring-core\7.0.1\spring-core-7.0.1.jar;C:\Users\USER\.m2\repository\commons-logging\commons-logging\1.3.5\commons-logging-1.3.5.jar;C:\Users\USER\.m2\repository\org\jspecify\jspecify\1.0.0\jspecify-1.0.0.jar
Launcher Type: SUN_STANDARD

[Global flags]
     intx CICompilerCount                          = 4                                         {product} {ergonomic}
     uint ConcGCThreads                            = 2                                         {product} {ergonomic}
     uint G1ConcRefinementThreads                  = 8                                         {product} {ergonomic}
   size_t G1HeapRegionSize                         = 2097152                                   {product} {ergonomic}
    uintx GCDrainStackTargetSize                   = 64                                        {product} {ergonomic}
   size_t InitialHeapSize                          = 264241152                                 {product} {ergonomic}
   size_t MarkStackSize                            = 4194304                                   {product} {ergonomic}
   size_t MaxHeapSize                              = 4215275520                                {product} {ergonomic}
   size_t MaxNewSize                               = 2529165312                                {product} {ergonomic}
   size_t MinHeapDeltaBytes                        = 2097152                                   {product} {ergonomic}
   size_t MinHeapSize                              = 8388608                                   {product} {ergonomic}
    uintx NonNMethodCodeHeapSize                   = 4096                                   {pd product} {ergonomic}
    uintx NonProfiledCodeHeapSize                  = 0                                      {pd product} {ergonomic}
     bool ProfileInterpreter                       = false                                  {pd product} {command line}
    uintx ProfiledCodeHeapSize                     = 0                                      {pd product} {ergonomic}
   size_t SoftMaxHeapSize                          = 4215275520                             {manageable} {ergonomic}
     intx TieredStopAtLevel                        = 1                                         {product} {command line}
     bool UseCompressedOops                        = true                           {product lp64_product} {ergonomic}
     bool UseG1GC                                  = true                                      {product} {ergonomic}
     bool UseLargePagesIndividualAllocation        = false                                  {pd product} {ergonomic}

Logging:
Log output configuration:
 #0: stdout all=warning uptime,level,tags foldmultilines=false
 #1: stderr all=off uptime,level,tags foldmultilines=false

Environment Variables:
PATH=C:\Program Files\Common Files\Oracle\Java\javapath;C:\ProgramData\Oracle\Java\javapath;C:\Windows\system32;C:\Windows;C:\Windows\System32\Wbem;C:\Windows\System32\WindowsPowerShell\v1.0\;C:\Windows\System32\OpenSSH\;C:\Program Files (x86)\NVIDIA Corporation\PhysX\Common;C:\WINDOWS\system32;C:\WINDOWS;C:\WINDOWS\System32\Wbem;C:\WINDOWS\System32\WindowsPowerShell\v1.0\;C:\WINDOWS\System32\OpenSSH\;C:\Program Files\NVIDIA Corporation\NVIDIA App\NvDLISR;C:\Program Files\nodejs\;C:\Program Files\Git\cmd;C:\Program Files\dotnet\;c:\Users\USER\AppData\Local\Programs\cursor\resources\app\bin;C:\Program Files\Docker\Docker\resources\bin;C:\Users\USER\AppData\Local\Programs\Python\Python312\Scripts\;C:\Users\USER\AppData\Local\Programs\Python\Python312\;C:\Users\USER\AppData\Local\Programs\Python\Python313\Scripts\;C:\Users\USER\AppData\Local\Programs\Python\Python313\;C:\Users\USER\AppData\Local\Microsoft\WindowsApps;C:\Program Files\Tesseract-OCR;C:\Users\USER\AppData\Local\Programs\Microsoft VS Code\bin;C:\Users\USER\AppData\Local\GitHubDesktop\bin;C:\Program Files\JetBrains\PyCharm 2025.1.2\bin;;C:\Users\USER\AppData\Roaming\npm;C:\Users\USER\AppData\Local\Programs\cursor\resources\app\bin;C:\platform-tools-latest-windows\platform-tools;C:\Program Files\Java\jdk-21\bin;C:\Users\USER\AppData\Local\Programs\Antigravity\bin;c:\Users\USER\.antigravity\extensions\vscjava.vscode-java-debug-0.58.3-universal\bundled\scripts\noConfigScripts
USERNAME=USER
LANG=en_US.UTF-8
OS=Windows_NT
PROCESSOR_IDENTIFIER=Intel64 Family 6 Model 140 Stepping 1, GenuineIntel
TMP=C:\Users\USER\AppData\Local\Temp
TEMP=C:\Users\USER\AppData\Local\Temp




Periodic native trim disabled

---------------  S Y S T E M  ---------------

OS:
 Windows 11 , 64 bit Build 26100 (10.0.26100.7019)
OS uptime: 19 days 4:33 hours
Hyper-V role detected

CPU: total 8 (initial active 8) (4 cores per cpu, 2 threads per core) family 6 model 140 stepping 1 microcode 0xb6, cx8, cmov, fxsr, ht, mmx, 3dnowpref, sse, sse2, sse3, ssse3, sse4.1, sse4.2, popcnt, lzcnt, tsc, tscinvbit, avx, avx2, aes, erms, clmul, bmi1, bmi2, adx, avx512f, avx512dq, avx512cd, avx512bw, avx512vl, sha, fma, vzeroupper, avx512_vpopcntdq, avx512_vpclmulqdq, avx512_vaes, avx512_vnni, clflush, clflushopt, clwb, avx512_vbmi2, avx512_vbmi, hv, rdtscp, rdpid, fsrm, gfni, avx512_bitalg, f16c, cet_ibt, cet_ss, avx512_ifma
Processor Information for all 8 processors :
  Max Mhz: 2419, Current Mhz: 2419, Mhz Limit: 2419

Memory: 4k page, system-wide physical 16078M (2687M free)
TotalPageFile size 20174M (AvailPageFile size 11M)
current process WorkingSet (physical memory assigned to process): 231M, peak: 231M
current process commit charge ("private bytes"): 276M, peak: 374M

vm_info: Java HotSpot(TM) 64-Bit Server VM (21.0.8+12-LTS-250) for windows-amd64 JRE (21.0.8+12-LTS-250), built on 2025-06-27T08:11:22Z by "mach5one" with MS VC++ 17.6 (VS2022)

END.
