#
# There is insufficient memory for the Java Runtime Environment to continue.
# Native memory allocation (mmap) failed to map 264241152 bytes for G1 virtual space
# Possible reasons:
#   The system is out of physical RAM or swap space
#   The process is running with CompressedOops enabled, and the Java Heap may be blocking the growth of the native heap
# Possible solutions:
#   Reduce memory load on the system
#   Increase physical memory or swap space
#   Check if swap backing store is full
#   Decrease Java heap size (-Xmx/-Xms)
#   Decrease number of Java threads
#   Decrease Java thread stack sizes (-Xss)
#   Set larger code cache with -XX:ReservedCodeCacheSize=
#   JVM is running with Zero Based Compressed Oops mode in which the Java heap is
#     placed in the first 32GB address space. The Java Heap base address is the
#     maximum limit for the native heap growth. Please use -XX:HeapBaseMinAddress
#     to set the Java Heap base and to place the Java Heap above 32GB virtual address.
# This output file may be truncated or incomplete.
#
#  Out of Memory Error (os_windows.cpp:3603), pid=3188, tid=17420
#
# JRE version:  (21.0.8+12) (build )
# Java VM: Java HotSpot(TM) 64-Bit Server VM (21.0.8+12-LTS-250, mixed mode, emulated-client, sharing, tiered, compressed oops, compressed class ptrs, g1 gc, windows-amd64)
# No core dump will be written. Minidumps are not enabled by default on client versions of Windows
#

---------------  S U M M A R Y ------------

Command Line: -XX:TieredStopAtLevel=1 com.gestion.gatway_service.GatwayServiceApplication

Host: 11th Gen Intel(R) Core(TM) i5-1135G7 @ 2.40GHz, 8 cores, 15G,  Windows 11 , 64 bit Build 26100 (10.0.26100.7019)
Time: Thu Dec  4 15:20:30 2025 Paris, Madrid elapsed time: 2.033069 seconds (0d 0h 0m 2s)

---------------  T H R E A D  ---------------

Current thread (0x000002bce0ac3140):  JavaThread "Unknown thread" [_thread_in_vm, id=17420, stack(0x000000d79fe00000,0x000000d79ff00000) (1024K)]

Stack: [0x000000d79fe00000,0x000000d79ff00000]
Native frames: (J=compiled Java code, j=interpreted, Vv=VM code, C=native code)
V  [jvm.dll+0x6cc179]
V  [jvm.dll+0x8584c1]
V  [jvm.dll+0x85a9ee]
V  [jvm.dll+0x85b0c3]
V  [jvm.dll+0x27ebf6]
V  [jvm.dll+0x6c88f5]
V  [jvm.dll+0x6bd45a]
V  [jvm.dll+0x354b1a]
V  [jvm.dll+0x35c796]
V  [jvm.dll+0x3af85e]
V  [jvm.dll+0x3afb08]
V  [jvm.dll+0x328e2c]
V  [jvm.dll+0x32998b]
V  [jvm.dll+0x821879]
V  [jvm.dll+0x3bc541]
V  [jvm.dll+0x80aaf8]
V  [jvm.dll+0x45172e]
V  [jvm.dll+0x453321]
C  [jli.dll+0x52a3]
C  [ucrtbase.dll+0x37b0]
C  [KERNEL32.DLL+0x2e8d7]
C  [ntdll.dll+0x8c53c]


---------------  P R O C E S S  ---------------

Threads class SMR info:
_java_thread_list=0x00007fffdb61fc48, length=0, elements={
}

Java Threads: ( => current thread )
Total: 0

Other Threads:
  0x000002bce0e5b6c0 WorkerThread "GC Thread#0"                     [id=4592, stack(0x000000d79ff00000,0x000000d7a0000000) (1024K)]
  0x000002bce0e6c9f0 ConcurrentGCThread "G1 Main Marker"            [id=11392, stack(0x000000d7a0000000,0x000000d7a0100000) (1024K)]
  0x000002bce0e6d4f0 WorkerThread "G1 Conc#0"                       [id=26728, stack(0x000000d7a0100000,0x000000d7a0200000) (1024K)]

[error occurred during error reporting (printing all threads), id 0xc0000005, EXCEPTION_ACCESS_VIOLATION (0xc0000005) at pc=0x00007fffdad8b5b7]
VM state: not at safepoint (not fully initialized)

VM Mutex/Monitor currently owned by a thread:  ([mutex/lock_event])
[0x00007fffdb690f50] Heap_lock - owner thread: 0x000002bce0ac3140

Heap address: 0x0000000704c00000, size: 4020 MB, Compressed Oops mode: Zero based, Oop shift amount: 3

CDS archive(s) mapped at: [0x0000000000000000-0x0000000000000000-0x0000000000000000), size 0, SharedBaseAddress: 0x0000000800000000, ArchiveRelocationMode: 1.
Narrow klass base: 0x0000000000000000, Narrow klass shift: 0, Narrow klass range: 0x0

GC Precious Log:
 CardTable entry size: 512
 Card Set container configuration: InlinePtr #cards 4 size 8 Array Of Cards #cards 16 size 48 Howl #buckets 8 coarsen threshold 3686 Howl Bitmap #cards 512 size 80 coarsen threshold 460 Card regions per heap region 1 cards per card region 4096

Heap:
 garbage-first heap   total 0K, used 0K [0x0000000704c00000, 0x0000000800000000)
  region size 2048K, 0 young (0K), 0 survivors (0K)

[error occurred during error reporting (printing heap information), id 0xc0000005, EXCEPTION_ACCESS_VIOLATION (0xc0000005) at pc=0x00007fffdb1751e9]
GC Heap History (0 events):
No events

Dll operation events (1 events):
Event: 0.005 Loaded shared library C:\Program Files\Java\jdk-21\bin\java.dll

Deoptimization events (0 events):
No events

Classes loaded (0 events):
No events

Classes unloaded (0 events):
No events

Classes redefined (0 events):
No events

Internal exceptions (0 events):
No events

ZGC Phase Switch (0 events):
No events

VM Operations (0 events):
No events

Events (0 events):
No events


Dynamic libraries:
0x00007ff664610000 - 0x00007ff664620000 	C:\Program Files\Java\jdk-21\bin\java.exe
0x00007ff876300000 - 0x00007ff876568000 	C:\WINDOWS\SYSTEM32\ntdll.dll
0x00007ff8760c0000 - 0x00007ff876189000 	C:\WINDOWS\System32\KERNEL32.DLL
0x00007ff873870000 - 0x00007ff873c68000 	C:\WINDOWS\System32\KERNELBASE.dll
0x00007ff873c70000 - 0x00007ff873dbb000 	C:\WINDOWS\System32\ucrtbase.dll
0x00007ff82c8a0000 - 0x00007ff82c8bb000 	C:\Program Files\Java\jdk-21\bin\VCRUNTIME140.dll
0x00007ff82f9c0000 - 0x00007ff82f9d9000 	C:\Program Files\Java\jdk-21\bin\jli.dll
0x00007ff874190000 - 0x00007ff874244000 	C:\WINDOWS\System32\ADVAPI32.dll
0x00007ff8740a0000 - 0x00007ff874149000 	C:\WINDOWS\System32\msvcrt.dll
0x00007ff876190000 - 0x00007ff876236000 	C:\WINDOWS\System32\sechost.dll
0x00007ff875a40000 - 0x00007ff875b58000 	C:\WINDOWS\System32\RPCRT4.dll
0x00007ff875ef0000 - 0x00007ff8760b7000 	C:\WINDOWS\System32\USER32.dll
0x00007ff859960000 - 0x00007ff859bf4000 	C:\WINDOWS\WinSxS\amd64_microsoft.windows.common-controls_6595b64144ccf1df_6.0.26100.7019_none_3e06ffa0e335b8a8\COMCTL32.dll
0x00007ff873fc0000 - 0x00007ff873fe7000 	C:\WINDOWS\System32\win32u.dll
0x00007ff875480000 - 0x00007ff8754ab000 	C:\WINDOWS\System32\GDI32.dll
0x00007ff873740000 - 0x00007ff87386c000 	C:\WINDOWS\System32\gdi32full.dll
0x00007ff873f10000 - 0x00007ff873fb3000 	C:\WINDOWS\System32\msvcp_win.dll
0x00007ff8612f0000 - 0x00007ff8612fb000 	C:\WINDOWS\SYSTEM32\VERSION.dll
0x00007ff874150000 - 0x00007ff874181000 	C:\WINDOWS\System32\IMM32.DLL
0x00007ff868730000 - 0x00007ff86873c000 	C:\Program Files\Java\jdk-21\bin\vcruntime140_1.dll
0x00007ff817d40000 - 0x00007ff817dce000 	C:\Program Files\Java\jdk-21\bin\msvcp140.dll
0x00007fffdaa50000 - 0x00007fffdb76d000 	C:\Program Files\Java\jdk-21\bin\server\jvm.dll
0x00007ff874250000 - 0x00007ff8742c4000 	C:\WINDOWS\System32\WS2_32.dll
0x00007ff8732b0000 - 0x00007ff87330e000 	C:\WINDOWS\SYSTEM32\POWRPROF.dll
0x00007ff857940000 - 0x00007ff857975000 	C:\WINDOWS\SYSTEM32\WINMM.dll
0x00007ff873290000 - 0x00007ff8732a4000 	C:\WINDOWS\SYSTEM32\UMPDC.dll
0x00007ff872210000 - 0x00007ff87222b000 	C:\WINDOWS\SYSTEM32\kernel.appcore.dll
0x00007ff863230000 - 0x00007ff86323a000 	C:\Program Files\Java\jdk-21\bin\jimage.dll
0x00007ff86ffa0000 - 0x00007ff8701e2000 	C:\WINDOWS\SYSTEM32\DBGHELP.DLL
0x00007ff875b60000 - 0x00007ff875eeb000 	C:\WINDOWS\System32\combase.dll
0x00007ff874e10000 - 0x00007ff874ee7000 	C:\WINDOWS\System32\OLEAUT32.dll
0x00007ff8512e0000 - 0x00007ff85131c000 	C:\WINDOWS\SYSTEM32\dbgcore.DLL
0x00007ff873ff0000 - 0x00007ff874095000 	C:\WINDOWS\System32\bcryptPrimitives.dll
0x00007ff827630000 - 0x00007ff82764f000 	C:\Program Files\Java\jdk-21\bin\java.dll

dbghelp: loaded successfully - version: 4.0.5 - missing functions: none
symbol engine: initialized successfully - sym options: 0x614 - pdb path: .;C:\Program Files\Java\jdk-21\bin;C:\WINDOWS\SYSTEM32;C:\WINDOWS\WinSxS\amd64_microsoft.windows.common-controls_6595b64144ccf1df_6.0.26100.7019_none_3e06ffa0e335b8a8;C:\Program Files\Java\jdk-21\bin\server

VM Arguments:
jvm_args: -XX:TieredStopAtLevel=1 
java_command: com.gestion.gatway_service.GatwayServiceApplication
java_class_path (initial): C:\Users\USER\Desktop\Gestion_Events\gatway-service\target\classes;C:\Users\USER\.m2\repository\org\springframework\cloud\spring-cloud-starter-gateway-server-webmvc\5.0.0-RC1\spring-cloud-starter-gateway-server-webmvc-5.0.0-RC1.jar;C:\Users\USER\.m2\repository\org\springframework\cloud\spring-cloud-starter\5.0.0-RC1\spring-cloud-starter-5.0.0-RC1.jar;C:\Users\USER\.m2\repository\org\springframework\cloud\spring-cloud-context\5.0.0-RC1\spring-cloud-context-5.0.0-RC1.jar;C:\Users\USER\.m2\repository\org\springframework\security\spring-security-crypto\7.0.0\spring-security-crypto-7.0.0.jar;C:\Users\USER\.m2\repository\org\springframework\cloud\spring-cloud-commons\5.0.0-RC1\spring-cloud-commons-5.0.0-RC1.jar;C:\Users\USER\.m2\repository\org\bouncycastle\bcprov-jdk18on\1.81\bcprov-jdk18on-1.81.jar;C:\Users\USER\.m2\repository\org\springframework\cloud\spring-cloud-gateway-server-webmvc\5.0.0-RC1\spring-cloud-gateway-server-webmvc-5.0.0-RC1.jar;C:\Users\USER\.m2\repository\org\springframework\boot\spring-boot-restclient\4.0.0\spring-boot-restclient-4.0.0.jar;C:\Users\USER\.m2\repository\org\springframework\boot\spring-boot-http-client\4.0.0\spring-boot-http-client-4.0.0.jar;C:\Users\USER\.m2\repository\org\springframework\boot\spring-boot-validation\4.0.0\spring-boot-validation-4.0.0.jar;C:\Users\USER\.m2\repository\org\apache\tomcat\embed\tomcat-embed-el\11.0.14\tomcat-embed-el-11.0.14.jar;C:\Users\USER\.m2\repository\org\hibernate\validator\hibernate-validator\9.0.1.Final\hibernate-validator-9.0.1.Final.jar;C:\Users\USER\.m2\repository\jakarta\validation\jakarta.validation-api\3.1.1\jakarta.validation-api-3.1.1.jar;C:\Users\USER\.m2\repository\org\jboss\logging\jboss-logging\3.6.1.Final\jboss-logging-3.6.1.Final.jar;C:\Users\USER\.m2\repository\com\fasterxml\classmate\1.7.1\classmate-1.7.1.jar;C:\Users\USER\.m2\repository\org\springframework\boot\spring-boot-jackson\4.0.0\spring-boot-jackson-4.0.0.jar;C:\Users\USER\.m2\repository\tools\jackson\core\jackson-databind\3.0.2\jackson-databind-3.0.2.jar;C:\Users\USER\.m2\repository\tools\jackson\core\jackson-core\3.0.2\jackson-core-3.0.2.jar;C:\Users\USER\.m2\repository\org\springframework\boot\spring-boot-web-server\4.0.0\spring-boot-web-server-4.0.0.jar;C:\Users\USER\.m2\repository\org\apache\tomcat\embed\tomcat-embed-core\11.0.14\tomcat-embed-core-11.0.14.jar;C:\Users\USER\.m2\repository\org\apache\tomcat\embed\tomcat-embed-websocket\11.0.14\tomcat-embed-websocket-11.0.14.jar;C:\Users\USER\.m2\repository\org\springframework\boot\spring-boot-tomcat\4.0.0\spring-boot-tomcat-4.0.0.jar;C:\Users\USER\.m2\repository\org\springframework\boot\spring-boot-http-converter\4.0.0\spring-boot-http-converter-4.0.0.jar;C:\Users\USER\.m2\repository\org\springframework\spring-web\7.0.1\spring-web-7.0.1.jar;C:\Users\USER\.m2\repository\org\springframework\boot\spring-boot-webmvc\4.0.0\spring-boot-webmvc-4.0.0.jar;C:\Users\USER\.m2\repository\org\springframework\boot\spring-boot-servlet\4.0.0\spring-boot-servlet-4.0.0.jar;C:\Users\USER\.m2\repository\org\springframework\spring-webmvc\7.0.1\spring-webmvc-7.0.1.jar;C:\Users\USER\.m2\repository\org\springframework\cloud\spring-cloud-starter-netflix-eureka-client\5.0.0-RC1\spring-cloud-starter-netflix-eureka-client-5.0.0-RC1.jar;C:\Users\USER\.m2\repository\org\springframework\cloud\spring-cloud-netflix-eureka-client\5.0.0-RC1\spring-cloud-netflix-eureka-client-5.0.0-RC1.jar;C:\Users\USER\.m2\repository\org\springframework\boot\spring-boot-jackson2\4.0.0\spring-boot-jackson2-4.0.0.jar;C:\Users\USER\.m2\repository\com\fasterxml\jackson\datatype\jackson-datatype-jdk8\2.20.1\jackson-datatype-jdk8-2.20.1.jar;C:\Users\USER\.m2\repository\com\fasterxml\jackson\datatype\jackson-datatype-jsr310\2.20.1\jackson-datatype-jsr310-2.20.1.jar;C:\Users\USER\.m2\repository\com\fasterxml\jackson\module\jackson-module-parameter-names\2.20.1\jackson-module-parameter-names-2.20.1.jar;C:\Users\USER\.m2\repository\org\apache\httpcomponents\client5\httpclient5\5.5.1\httpclient5-5.5.1.jar;C:\Users\USER\.m2\repository\org\apache\httpcomponents\core5\httpcore5\5.3.6\httpcore5-5.3.6.jar;C:\Users\USER\.m2\repository\org\apache\httpcomponents\core5\httpcore5-h2\5.3.6\httpcore5-h2-5.3.6.jar;C:\Users\USER\.m2\repository\com\netflix\eureka\eureka-client\2.0.5\eureka-client-2.0.5.jar;C:\Users\USER\.m2\repository\com\thoughtworks\xstream\xstream\1.4.21\xstream-1.4.21.jar;C:\Users\USER\.m2\repository\io\github\x-stream\mxparser\1.2.2\mxparser-1.2.2.jar;C:\Users\USER\.m2\repository\xmlpull\xmlpull\1.1.3.1\xmlpull-1.1.3.1.jar;C:\Users\USER\.m2\repository\jakarta\ws\rs\jakarta.ws.rs-api\4.0.0\jakarta.ws.rs-api-4.0.0.jar;C:\Users\USER\.m2\repository\jakarta\inject\jakarta.inject-api\2.0.1\jakarta.inject-api-2.0.1.jar;C:\Users\USER\.m2\repository\jakarta\annotation\jakarta.annotation-api\3.0.0\jakarta.annotation-api-3.0.0.jar;C:\Users\USER\.m2\repository\com\netflix\spectator\spectator-api\1.7.3\spectator-api-1.7.3.jar;C:\Users\USER\.m2\repository\org\slf4j\slf4j-api\2.0.17\slf4j-api-2.0.17.jar;C:\Users\USER\.m2\repository\org\apache\httpcomponents\httpclient\4.5.3\httpclient-4.5.3.jar;C:\Users\USER\.m2\repository\org\apache\httpcomponents\httpcore\4.4.16\httpcore-4.4.16.jar;C:\Users\USER\.m2\repository\commons-codec\commons-codec\1.19.0\commons-codec-1.19.0.jar;C:\Users\USER\.m2\repository\commons-configuration\commons-configuration\1.10\commons-configuration-1.10.jar;C:\Users\USER\.m2\repository\commons-lang\commons-lang\2.6\commons-lang-2.6.jar;C:\Users\USER\.m2\repository\com\fasterxml\jackson\core\jackson-annotations\2.20\jackson-annotations-2.20.jar;C:\Users\USER\.m2\repository\com\fasterxml\jackson\core\jackson-core\2.20.1\jackson-core-2.20.1.jar;C:\Users\USER\.m2\repository\com\fasterxml\jackson\core\jackson-databind\2.20.1\jackson-databind-2.20.1.jar;C:\Users\USER\.m2\repository\com\netflix\netflix-commons\netflix-eventbus\0.3.0\netflix-eventbus-0.3.0.jar;C:\Users\USER\.m2\repository\com\netflix\netflix-commons\netflix-infix\0.3.0\netflix-infix-0.3.0.jar;C:\Users\USER\.m2\repository\commons-jxpath\commons-jxpath\1.3\commons-jxpath-1.3.jar;C:\Users\USER\.m2\repository\joda-time\joda-time\2.3\joda-time-2.3.jar;C:\Users\USER\.m2\repository\org\antlr\antlr-runtime\3.4\antlr-runtime-3.4.jar;C:\Users\USER\.m2\repository\org\antlr\stringtemplate\3.2.1\stringtemplate-3.2.1.jar;C:\Users\USER\.m2\repository\antlr\antlr\2.7.7\antlr-2.7.7.jar;C:\Users\USER\.m2\repository\com\google\guava\guava\14.0.1\guava-14.0.1.jar;C:\Users\USER\.m2\repository\com\google\code\gson\gson\2.13.2\gson-2.13.2.jar;C:\Users\USER\.m2\repository\com\google\errorprone\error_prone_annotations\2.41.0\error_prone_annotations-2.41.0.jar;C:\Users\USER\.m2\repository\com\netflix\servo\servo-core\0.5.3\servo-core-0.5.3.jar;C:\Users\USER\.m2\repository\org\apache\commons\commons-math\2.2\commons-math-2.2.jar;C:\Users\USER\.m2\repository\javax\annotation\javax.annotation-api\1.2\javax.annotation-api-1.2.jar;C:\Users\USER\.m2\repository\org\codehaus\jettison\jettison\1.5.4\jettison-1.5.4.jar;C:\Users\USER\.m2\repository\org\springframework\cloud\spring-cloud-starter-loadbalancer\5.0.0-RC1\spring-cloud-starter-loadbalancer-5.0.0-RC1.jar;C:\Users\USER\.m2\repository\org\springframework\cloud\spring-cloud-loadbalancer\5.0.0-RC1\spring-cloud-loadbalancer-5.0.0-RC1.jar;C:\Users\USER\.m2\repository\io\projectreactor\reactor-core\3.8.0\reactor-core-3.8.0.jar;C:\Users\USER\.m2\repository\org\reactivestreams\reactive-streams\1.0.4\reactive-streams-1.0.4.jar;C:\Users\USER\.m2\repository\io\projectreactor\addons\reactor-extra\3.6.0\reactor-extra-3.6.0.jar;C:\Users\USER\.m2\repository\org\springframework\boot\spring-boot-cache\4.0.0\spring-boot-cache-4.0.0.jar;C:\Users\USER\.m2\repository\org\springframework\spring-context-support\7.0.1\spring-context-support-7.0.1.jar;C:\Users\USER\.m2\repository\com\stoyanr\evictor\1.0.0\evictor-1.0.0.jar;C:\Users\USER\.m2\repository\org\springframework\boot\spring-boot-devtools\4.0.0\spring-boot-devtools-4.0.0.jar;C:\Users\USER\.m2\repository\org\springframework\boot\spring-boot\4.0.0\spring-boot-4.0.0.jar;C:\Users\USER\.m2\repository\org\springframework\spring-context\7.0.1\spring-context-7.0.1.jar;C:\Users\USER\.m2\repository\org\springframework\spring-aop\7.0.1\spring-aop-7.0.1.jar;C:\Users\USER\.m2\repository\org\springframework\spring-beans\7.0.1\spring-beans-7.0.1.jar;C:\Users\USER\.m2\repository\org\springframework\spring-expression\7.0.1\spring-expression-7.0.1.jar;C:\Users\USER\.m2\repository\io\micrometer\micrometer-observation\1.16.0\micrometer-observation-1.16.0.jar;C:\Users\USER\.m2\repository\io\micrometer\micrometer-commons\1.16.0\micrometer-commons-1.16.0.jar;C:\Users\USER\.m2\repository\org\springframework\boot\spring-boot-autoconfigure\4.0.0\spring-boot-autoconfigure-4.0.0.jar;C:\Users\USER\.m2\repository\ch\qos\logback\logback-classic\1.5.21\logback-classic-1.5.21.jar;C:\Users\USER\.m2\repository\ch\qos\logback\logback-core\1.5.21\logback-core-1.5.21.jar;C:\Users\USER\.m2\repository\org\apache\logging\log4j\log4j-to-slf4j\2.25.2\log4j-to-slf4j-2.25.2.jar;C:\Users\USER\.m2\repository\org\apache\logging\log4j\log4j-api\2.25.2\log4j-api-2.25.2.jar;C:\Users\USER\.m2\repository\org\slf4j\jul-to-slf4j\2.0.17\jul-to-slf4j-2.0.17.jar;C:\Users\USER\.m2\repository\org\yaml\snakeyaml\2.5\snakeyaml-2.5.jar;C:\Users\USER\.m2\repository\org\springframework\spring-core\7.0.1\spring-core-7.0.1.jar;C:\Users\USER\.m2\repository\commons-logging\commons-logging\1.3.5\commons-logging-1.3.5.jar;C:\Users\USER\.m2\repository\org\jspecify\jspecify\1.0.0\jspecify-1.0.0.jar
Launcher Type: SUN_STANDARD

[Global flags]
     intx CICompilerCount                          = 4                                         {product} {ergonomic}
     uint ConcGCThreads                            = 2                                         {product} {ergonomic}
     uint G1ConcRefinementThreads                  = 8                                         {product} {ergonomic}
   size_t G1HeapRegionSize                         = 2097152                                   {product} {ergonomic}
    uintx GCDrainStackTargetSize                   = 64                                        {product} {ergonomic}
   size_t InitialHeapSize                          = 264241152                                 {product} {ergonomic}
   size_t MarkStackSize                            = 4194304                                   {product} {ergonomic}
   size_t MaxHeapSize                              = 4215275520                                {product} {ergonomic}
   size_t MinHeapDeltaBytes                        = 2097152                                   {product} {ergonomic}
   size_t MinHeapSize                              = 8388608                                   {product} {ergonomic}
    uintx NonNMethodCodeHeapSize                   = 4096                                   {pd product} {ergonomic}
    uintx NonProfiledCodeHeapSize                  = 0                                      {pd product} {ergonomic}
     bool ProfileInterpreter                       = false                                  {pd product} {command line}
    uintx ProfiledCodeHeapSize                     = 0                                      {pd product} {ergonomic}
   size_t SoftMaxHeapSize                          = 4215275520                             {manageable} {ergonomic}
     intx TieredStopAtLevel                        = 1                                         {product} {command line}
     bool UseCompressedOops                        = true                           {product lp64_product} {ergonomic}
     bool UseG1GC                                  = true                                      {product} {ergonomic}
     bool UseLargePagesIndividualAllocation        = false                                  {pd product} {ergonomic}

Logging:
Log output configuration:
 #0: stdout all=warning uptime,level,tags foldmultilines=false
 #1: stderr all=off uptime,level,tags foldmultilines=false

Environment Variables:
PATH=C:\Program Files\Common Files\Oracle\Java\javapath;C:\ProgramData\Oracle\Java\javapath;C:\Windows\system32;C:\Windows;C:\Windows\System32\Wbem;C:\Windows\System32\WindowsPowerShell\v1.0\;C:\Windows\System32\OpenSSH\;C:\Program Files (x86)\NVIDIA Corporation\PhysX\Common;C:\WINDOWS\system32;C:\WINDOWS;C:\WINDOWS\System32\Wbem;C:\WINDOWS\System32\WindowsPowerShell\v1.0\;C:\WINDOWS\System32\OpenSSH\;C:\Program Files\NVIDIA Corporation\NVIDIA App\NvDLISR;C:\Program Files\nodejs\;C:\Program Files\Git\cmd;C:\Program Files\dotnet\;c:\Users\USER\AppData\Local\Programs\cursor\resources\app\bin;C:\Program Files\Docker\Docker\resources\bin;C:\Users\USER\AppData\Local\Programs\Python\Python312\Scripts\;C:\Users\USER\AppData\Local\Programs\Python\Python312\;C:\Users\USER\AppData\Local\Programs\Python\Python313\Scripts\;C:\Users\USER\AppData\Local\Programs\Python\Python313\;C:\Users\USER\AppData\Local\Microsoft\WindowsApps;C:\Program Files\Tesseract-OCR;C:\Users\USER\AppData\Local\Programs\Microsoft VS Code\bin;C:\Users\USER\AppData\Local\GitHubDesktop\bin;C:\Program Files\JetBrains\PyCharm 2025.1.2\bin;;C:\Users\USER\AppData\Roaming\npm;C:\Users\USER\AppData\Local\Programs\cursor\resources\app\bin;C:\platform-tools-latest-windows\platform-tools;C:\Program Files\Java\jdk-21\bin;C:\Users\USER\AppData\Local\Programs\Antigravity\bin;c:\Users\USER\.antigravity\extensions\vscjava.vscode-java-debug-0.58.3-universal\bundled\scripts\noConfigScripts
USERNAME=USER
LANG=en_US.UTF-8
OS=Windows_NT
PROCESSOR_IDENTIFIER=Intel64 Family 6 Model 140 Stepping 1, GenuineIntel
TMP=C:\Users\USER\AppData\Local\Temp
TEMP=C:\Users\USER\AppData\Local\Temp




Periodic native trim disabled

---------------  S Y S T E M  ---------------

OS:
 Windows 11 , 64 bit Build 26100 (10.0.26100.7019)
OS uptime: 19 days 4:18 hours
Hyper-V role detected

CPU: total 8 (initial active 8) (4 cores per cpu, 2 threads per core) family 6 model 140 stepping 1 microcode 0xb6, cx8, cmov, fxsr, ht, mmx, 3dnowpref, sse, sse2, sse3, ssse3, sse4.1, sse4.2, popcnt, lzcnt, tsc, tscinvbit, avx, avx2, aes, erms, clmul, bmi1, bmi2, adx, avx512f, avx512dq, avx512cd, avx512bw, avx512vl, sha, fma, vzeroupper, avx512_vpopcntdq, avx512_vpclmulqdq, avx512_vaes, avx512_vnni, clflush, clflushopt, clwb, avx512_vbmi2, avx512_vbmi, hv, rdtscp, rdpid, fsrm, gfni, avx512_bitalg, f16c, cet_ibt, cet_ss, avx512_ifma
Processor Information for all 8 processors :
  Max Mhz: 2419, Current Mhz: 2419, Mhz Limit: 2419

Memory: 4k page, system-wide physical 16078M (2999M free)
TotalPageFile size 20174M (AvailPageFile size 181M)
current process WorkingSet (physical memory assigned to process): 12M, peak: 12M
current process commit charge ("private bytes"): 56M, peak: 307M

vm_info: Java HotSpot(TM) 64-Bit Server VM (21.0.8+12-LTS-250) for windows-amd64 JRE (21.0.8+12-LTS-250), built on 2025-06-27T08:11:22Z by "mach5one" with MS VC++ 17.6 (VS2022)

END.
