#
# There is insufficient memory for the Java Runtime Environment to continue.
# Native memory allocation (malloc) failed to allocate 1570256 bytes. Error detail: Chunk::new
# Possible reasons:
#   The system is out of physical RAM or swap space
#   This process is running with CompressedOops enabled, and the Java Heap may be blocking the growth of the native heap
# Possible solutions:
#   Reduce memory load on the system
#   Increase physical memory or swap space
#   Check if swap backing store is full
#   Decrease Java heap size (-Xmx/-Xms)
#   Decrease number of Java threads
#   Decrease Java thread stack sizes (-Xss)
#   Set larger code cache with -XX:ReservedCodeCacheSize=
#   JVM is running with Unscaled Compressed Oops mode in which the Java heap is
#     placed in the first 4GB address space. The Java Heap base address is the
#     maximum limit for the native heap growth. Please use -XX:HeapBaseMinAddress
#     to set the Java Heap base and to place the Java Heap above 4GB virtual address.
# This output file may be truncated or incomplete.
#
#  Out of Memory Error (arena.cpp:168), pid=19124, tid=12428
#
# JRE version: OpenJDK Runtime Environment Temurin-21.0.9+10 (21.0.9+10) (build 21.0.9+10-LTS)
# Java VM: OpenJDK 64-Bit Server VM Temurin-21.0.9+10 (21.0.9+10-LTS, mixed mode, sharing, tiered, compressed oops, compressed class ptrs, parallel gc, windows-amd64)
# No core dump will be written. Minidumps are not enabled by default on client versions of Windows
#

---------------  S U M M A R Y ------------

Command Line: --add-modules=ALL-SYSTEM --add-opens=java.base/java.util=ALL-UNNAMED --add-opens=java.base/java.lang=ALL-UNNAMED --add-opens=java.base/sun.nio.fs=ALL-UNNAMED -Declipse.application=org.eclipse.jdt.ls.core.id1 -Dosgi.bundles.defaultStartLevel=4 -Declipse.product=org.eclipse.jdt.ls.core.product -Djava.import.generatesMetadataFilesAtProjectRoot=false -DDetectVMInstallationsJob.disabled=true -Dfile.encoding=utf8 -XX:+UseParallelGC -XX:GCTimeRatio=4 -XX:AdaptiveSizePolicyWeight=90 -Dsun.zip.disableMemoryMapping=true -Xmx2G -Xms100m -Xlog:disable -javaagent:c:\Users\USER\.antigravity\extensions\redhat.java-1.49.0-win32-x64\lombok\lombok-1.18.39-4050.jar c:\Users\USER\.antigravity\extensions\redhat.java-1.49.0-win32-x64\server\plugins\org.eclipse.equinox.launcher_1.7.100.v20251111-0406.jar -configuration c:\Users\USER\AppData\Roaming\Antigravity\User\globalStorage\redhat.java\1.49.0\config_ss_win -data c:\Users\USER\AppData\Roaming\Antigravity\User\workspaceStorage\77320072bdb9570e2d04ae4f959e61bd\redhat.java\ss_ws --pipe=\\.\pipe\lsp-3ac2ca4df18abfed203f9a8d3e98b7e5-sock

Host: 11th Gen Intel(R) Core(TM) i5-1135G7 @ 2.40GHz, 8 cores, 15G,  Windows 11 , 64 bit Build 26100 (10.0.26100.7019)
Time: Tue Nov 25 17:33:35 2025 Paris, Madrid elapsed time: 7.107553 seconds (0d 0h 0m 7s)

---------------  T H R E A D  ---------------

Current thread (0x00000204d7dc6d40):  JavaThread "C2 CompilerThread0" daemon [_thread_in_native, id=12428, stack(0x0000003814400000,0x0000003814500000) (1024K)]


Current CompileTask:
C2:7107 2797       4       org.lombokweb.asm.ClassReader::readMethod (1070 bytes)

Stack: [0x0000003814400000,0x0000003814500000]
Native frames: (J=compiled Java code, j=interpreted, Vv=VM code, C=native code)
V  [jvm.dll+0x6d6e29]
V  [jvm.dll+0x8b4b76]
V  [jvm.dll+0x8b712e]
V  [jvm.dll+0x8b7813]
V  [jvm.dll+0x283d86]
V  [jvm.dll+0xc66ed]
V  [jvm.dll+0xc6c31]
V  [jvm.dll+0x3be501]
V  [jvm.dll+0x38ab92]
V  [jvm.dll+0x389fda]
V  [jvm.dll+0x24bfa0]
V  [jvm.dll+0x24b580]
V  [jvm.dll+0x1cb13e]
V  [jvm.dll+0x25b29d]
V  [jvm.dll+0x25982a]
V  [jvm.dll+0x3f7ea6]
V  [jvm.dll+0x85e9ad]
V  [jvm.dll+0x6d565d]
C  [ucrtbase.dll+0x37b0]
C  [KERNEL32.DLL+0x2e8d7]
C  [ntdll.dll+0x8c53c]


---------------  P R O C E S S  ---------------

Threads class SMR info:
_java_thread_list=0x000002051f6b6e70, length=20, elements={
0x00000204c133d900, 0x00000204d7dadb00, 0x00000204d7db0ee0, 0x00000204d7db3a30,
0x00000204d7db84a0, 0x00000204d7dbb3c0, 0x00000204d7dbf410, 0x00000204d7dc6d40,
0x00000204d7dcc870, 0x000002051a938e60, 0x000002051aad36d0, 0x000002051f440dd0,
0x000002051f883bd0, 0x000002051f58d680, 0x000002051f7664e0, 0x000002051f918040,
0x00000205206a2710, 0x00000205205e46e0, 0x00000205205e7240, 0x00000205200bc1a0
}

Java Threads: ( => current thread )
  0x00000204c133d900 JavaThread "main"                              [_thread_blocked, id=23540, stack(0x0000003813a00000,0x0000003813b00000) (1024K)]
  0x00000204d7dadb00 JavaThread "Reference Handler"          daemon [_thread_blocked, id=21196, stack(0x0000003813e00000,0x0000003813f00000) (1024K)]
  0x00000204d7db0ee0 JavaThread "Finalizer"                  daemon [_thread_blocked, id=6048, stack(0x0000003813f00000,0x0000003814000000) (1024K)]
  0x00000204d7db3a30 JavaThread "Signal Dispatcher"          daemon [_thread_blocked, id=18412, stack(0x0000003814000000,0x0000003814100000) (1024K)]
  0x00000204d7db84a0 JavaThread "Attach Listener"            daemon [_thread_blocked, id=8696, stack(0x0000003814100000,0x0000003814200000) (1024K)]
  0x00000204d7dbb3c0 JavaThread "Service Thread"             daemon [_thread_blocked, id=6092, stack(0x0000003814200000,0x0000003814300000) (1024K)]
  0x00000204d7dbf410 JavaThread "Monitor Deflation Thread"   daemon [_thread_blocked, id=6108, stack(0x0000003814300000,0x0000003814400000) (1024K)]
=>0x00000204d7dc6d40 JavaThread "C2 CompilerThread0"         daemon [_thread_in_native, id=12428, stack(0x0000003814400000,0x0000003814500000) (1024K)]
  0x00000204d7dcc870 JavaThread "C1 CompilerThread0"         daemon [_thread_blocked, id=7772, stack(0x0000003814500000,0x0000003814600000) (1024K)]
  0x000002051a938e60 JavaThread "Common-Cleaner"             daemon [_thread_blocked, id=13788, stack(0x0000003814700000,0x0000003814800000) (1024K)]
  0x000002051aad36d0 JavaThread "Notification Thread"        daemon [_thread_blocked, id=3108, stack(0x0000003814800000,0x0000003814900000) (1024K)]
  0x000002051f440dd0 JavaThread "Active Thread: Equinox Container: 857732bd-b198-43e8-b78d-b0628777f797"        [_thread_blocked, id=13800, stack(0x0000003815000000,0x0000003815100000) (1024K)]
  0x000002051f883bd0 JavaThread "Framework Event Dispatcher: Equinox Container: 857732bd-b198-43e8-b78d-b0628777f797" daemon [_thread_blocked, id=2160, stack(0x0000003814900000,0x0000003814a00000) (1024K)]
  0x000002051f58d680 JavaThread "Start Level: Equinox Container: 857732bd-b198-43e8-b78d-b0628777f797" daemon [_thread_in_native, id=8212, stack(0x0000003815100000,0x0000003815200000) (1024K)]
  0x000002051f7664e0 JavaThread "SCR Component Actor"        daemon [_thread_blocked, id=20040, stack(0x0000003814600000,0x0000003814700000) (1024K)]
  0x000002051f918040 JavaThread "Worker-JM"                         [_thread_blocked, id=25856, stack(0x0000003815500000,0x0000003815600000) (1024K)]
  0x00000205206a2710 JavaThread "JNA Cleaner"                daemon [_thread_blocked, id=26592, stack(0x0000003815300000,0x0000003815400000) (1024K)]
  0x00000205205e46e0 JavaThread "Worker-0"                          [_thread_blocked, id=23736, stack(0x0000003815400000,0x0000003815500000) (1024K)]
  0x00000205205e7240 JavaThread "Worker-1"                          [_thread_blocked, id=25448, stack(0x0000003815600000,0x0000003815700000) (1024K)]
  0x00000205200bc1a0 JavaThread "C2 CompilerThread1"         daemon [_thread_in_native, id=11412, stack(0x0000003815700000,0x0000003815800000) (1024K)]
Total: 20

Other Threads:
  0x00000204d7d90c70 VMThread "VM Thread"                           [id=25356, stack(0x0000003813d00000,0x0000003813e00000) (1024K)]
  0x00000204c13a9140 WatcherThread "VM Periodic Task Thread"        [id=20972, stack(0x0000003813c00000,0x0000003813d00000) (1024K)]
  0x00000204c135b280 WorkerThread "GC Thread#0"                     [id=26832, stack(0x0000003813b00000,0x0000003813c00000) (1024K)]
  0x000002051f383f40 WorkerThread "GC Thread#1"                     [id=20100, stack(0x0000003814a00000,0x0000003814b00000) (1024K)]
  0x000002051f3842e0 WorkerThread "GC Thread#2"                     [id=12948, stack(0x0000003814b00000,0x0000003814c00000) (1024K)]
  0x000002051f496fe0 WorkerThread "GC Thread#3"                     [id=10228, stack(0x0000003814c00000,0x0000003814d00000) (1024K)]
  0x000002051f497380 WorkerThread "GC Thread#4"                     [id=25916, stack(0x0000003814d00000,0x0000003814e00000) (1024K)]
  0x000002051f497720 WorkerThread "GC Thread#5"                     [id=27800, stack(0x0000003814e00000,0x0000003814f00000) (1024K)]
  0x000002051f497ac0 WorkerThread "GC Thread#6"                     [id=22932, stack(0x0000003814f00000,0x0000003815000000) (1024K)]
  0x000002051f748490 WorkerThread "GC Thread#7"                     [id=9640, stack(0x0000003815200000,0x0000003815300000) (1024K)]
Total: 10

Threads with active compile tasks:
C2 CompilerThread0  7148 2797       4       org.lombokweb.asm.ClassReader::readMethod (1070 bytes)
C2 CompilerThread1  7148 2876       4       jdk.internal.module.SystemModuleFinders$SystemModuleReader::find (59 bytes)
Total: 2

VM state: not at safepoint (normal execution)

VM Mutex/Monitor currently owned by a thread: None

Heap address: 0x0000000080000000, size: 2048 MB, Compressed Oops mode: 32-bit

CDS archive(s) mapped at: [0x00000204d8000000-0x00000204d8ba0000-0x00000204d8ba0000), size 12189696, SharedBaseAddress: 0x00000204d8000000, ArchiveRelocationMode: 1.
Compressed class space mapped at: 0x00000204d9000000-0x0000020519000000, reserved size: 1073741824
Narrow klass base: 0x00000204d8000000, Narrow klass shift: 0, Narrow klass range: 0x100000000

GC Precious Log:
 CardTable entry size: 512
 CPUs: 8 total, 8 available
 Memory: 16078M
 Large Page Support: Disabled
 NUMA Support: Disabled
 Compressed Oops: Enabled (32-bit)
 Alignments: Space 512K, Generation 512K, Heap 2M
 Heap Min Capacity: 100M
 Heap Initial Capacity: 100M
 Heap Max Capacity: 2G
 Pre-touch: Disabled
 Parallel Workers: 8

Heap:
 PSYoungGen      total 29696K, used 22183K [0x00000000d5580000, 0x00000000d7900000, 0x0000000100000000)
  eden space 25088K, 88% used [0x00000000d5580000,0x00000000d6b29e30,0x00000000d6e00000)
  from space 4608K, 0% used [0x00000000d7480000,0x00000000d7480000,0x00000000d7900000)
  to   space 5120K, 0% used [0x00000000d6f00000,0x00000000d6f00000,0x00000000d7400000)
 ParOldGen       total 68608K, used 12531K [0x0000000080000000, 0x0000000084300000, 0x00000000d5580000)
  object space 68608K, 18% used [0x0000000080000000,0x0000000080c3ce80,0x0000000084300000)
 Metaspace       used 22318K, committed 22976K, reserved 1114112K
  class space    used 2160K, committed 2432K, reserved 1048576K

Card table byte_map: [0x00000204c0ce0000,0x00000204c10f0000] _byte_map_base: 0x00000204c08e0000

Marking Bits: (ParMarkBitMap*) 0x00007fffdbea2460
 Begin Bits: [0x00000204d37f0000, 0x00000204d57f0000)
 End Bits:   [0x00000204d57f0000, 0x00000204d77f0000)

Polling page: 0x00000204c0980000

Metaspace:

Usage:
  Non-class:     19.69 MB used.
      Class:      2.11 MB used.
       Both:     21.80 MB used.

Virtual space:
  Non-class space:       64.00 MB reserved,      20.06 MB ( 31%) committed,  1 nodes.
      Class space:        1.00 GB reserved,       2.38 MB ( <1%) committed,  1 nodes.
             Both:        1.06 GB reserved,      22.44 MB (  2%) committed. 

Chunk freelists:
   Non-Class:  11.54 MB
       Class:  13.45 MB
        Both:  24.99 MB

MaxMetaspaceSize: unlimited
CompressedClassSpaceSize: 1.00 GB
Initial GC threshold: 21.00 MB
Current GC threshold: 35.00 MB
CDS: on
 - commit_granule_bytes: 65536.
 - commit_granule_words: 8192.
 - virtual_space_node_default_size: 8388608.
 - enlarge_chunks_in_place: 1.
 - use_allocation_guard: 0.


Internal statistics:

num_allocs_failed_limit: 3.
num_arena_births: 508.
num_arena_deaths: 14.
num_vsnodes_births: 2.
num_vsnodes_deaths: 0.
num_space_committed: 359.
num_space_uncommitted: 0.
num_chunks_returned_to_freelist: 17.
num_chunks_taken_from_freelist: 1350.
num_chunk_merges: 9.
num_chunk_splits: 897.
num_chunks_enlarged: 594.
num_inconsistent_stats: 0.

CodeHeap 'non-profiled nmethods': size=120000Kb used=1356Kb max_used=1356Kb free=118643Kb
 bounds [0x00000204cc010000, 0x00000204cc280000, 0x00000204d3540000]
CodeHeap 'profiled nmethods': size=120000Kb used=5734Kb max_used=5734Kb free=114265Kb
 bounds [0x00000204c4540000, 0x00000204c4ae0000, 0x00000204cba70000]
CodeHeap 'non-nmethods': size=5760Kb used=1332Kb max_used=1349Kb free=4427Kb
 bounds [0x00000204cba70000, 0x00000204cbce0000, 0x00000204cc010000]
CodeCache: size=245760Kb, used=8422Kb, max_used=8439Kb, free=237335Kb
 total_blobs=3494, nmethods=2890, adapters=510, full_count=0
Compilation: enabled, stopped_count=0, restarted_count=0

Compilation events (20 events):
Event: 6.083 Thread 0x00000205200bc1a0 2859       4       java.lang.String::indexOf (64 bytes)
Event: 6.084 Thread 0x00000205200bc1a0 nmethod 2859 0x00000204cc161090 code [0x00000204cc161220, 0x00000204cc161480]
Event: 6.085 Thread 0x00000204d7dcc870 2861   !   3       jdk.internal.loader.BuiltinClassLoader$2::run (114 bytes)
Event: 6.086 Thread 0x00000204d7dcc870 nmethod 2861 0x00000204c4ac2910 code [0x00000204c4ac2bc0, 0x00000204c4ac39c0]
Event: 6.086 Thread 0x00000204d7dcc870 2860       3       jdk.internal.loader.BuiltinClassLoader$2::run (5 bytes)
Event: 6.086 Thread 0x00000204d7dcc870 nmethod 2860 0x00000204c4ac3e90 code [0x00000204c4ac4040, 0x00000204c4ac4198]
Event: 6.087 Thread 0x00000204d7dcc870 2862       3       org.eclipse.osgi.internal.hookregistry.ClassLoaderHook::preFindLocalResource (1 bytes)
Event: 6.087 Thread 0x00000204d7dcc870 nmethod 2862 0x00000204c4ac4290 code [0x00000204c4ac4420, 0x00000204c4ac4528]
Event: 6.087 Thread 0x00000204d7dcc870 2863       3       org.eclipse.osgi.internal.hookregistry.ClassLoaderHook::postFindLocalResource (1 bytes)
Event: 6.087 Thread 0x00000204d7dcc870 nmethod 2863 0x00000204c4ac4590 code [0x00000204c4ac4720, 0x00000204c4ac4828]
Event: 6.091 Thread 0x00000204d7dcc870 2864 %     3       lombok.launch.PackageShader::apply @ 76 (252 bytes)
Event: 6.092 Thread 0x00000204d7dcc870 nmethod 2864% 0x00000204c4ac4910 code [0x00000204c4ac4b80, 0x00000204c4ac59f0]
Event: 6.095 Thread 0x00000204d7dcc870 2865       3       java.io.File::getCanonicalPath (31 bytes)
Event: 6.096 Thread 0x00000204d7dcc870 nmethod 2865 0x00000204c4ac6190 code [0x00000204c4ac6380, 0x00000204c4ac6658]
Event: 6.096 Thread 0x00000204d7dcc870 2866   !   3       java.io.WinNTFileSystem::canonicalize (199 bytes)
Event: 6.098 Thread 0x00000204d7dcc870 nmethod 2866 0x00000204c4ac6790 code [0x00000204c4ac6d80, 0x00000204c4ac9e68]
Event: 6.099 Thread 0x00000204d7dcc870 2867       3       java.net.URI$Parser::checkChar (14 bytes)
Event: 6.099 Thread 0x00000204d7dcc870 nmethod 2867 0x00000204c4acaf90 code [0x00000204c4acb140, 0x00000204c4acb298]
Event: 6.099 Thread 0x00000204d7dcc870 2868       3       lombok.launch.PackageShader::apply (252 bytes)
Event: 6.100 Thread 0x00000204d7dcc870 nmethod 2868 0x00000204c4acb390 code [0x00000204c4acb5e0, 0x00000204c4acc090]

GC Heap History (14 events):
Event: 1.201 GC heap before
{Heap before GC invocations=1 (full 0):
 PSYoungGen      total 29696K, used 25600K [0x00000000d5580000, 0x00000000d7680000, 0x0000000100000000)
  eden space 25600K, 100% used [0x00000000d5580000,0x00000000d6e80000,0x00000000d6e80000)
  from space 4096K, 0% used [0x00000000d7280000,0x00000000d7280000,0x00000000d7680000)
  to   space 4096K, 0% used [0x00000000d6e80000,0x00000000d6e80000,0x00000000d7280000)
 ParOldGen       total 68608K, used 0K [0x0000000080000000, 0x0000000084300000, 0x00000000d5580000)
  object space 68608K, 0% used [0x0000000080000000,0x0000000080000000,0x0000000084300000)
 Metaspace       used 4360K, committed 4608K, reserved 1114112K
  class space    used 473K, committed 576K, reserved 1048576K
}
Event: 1.207 GC heap after
{Heap after GC invocations=1 (full 0):
 PSYoungGen      total 29696K, used 3296K [0x00000000d5580000, 0x00000000d7680000, 0x0000000100000000)
  eden space 25600K, 0% used [0x00000000d5580000,0x00000000d5580000,0x00000000d6e80000)
  from space 4096K, 80% used [0x00000000d6e80000,0x00000000d71b8158,0x00000000d7280000)
  to   space 4096K, 0% used [0x00000000d7280000,0x00000000d7280000,0x00000000d7680000)
 ParOldGen       total 68608K, used 16K [0x0000000080000000, 0x0000000084300000, 0x00000000d5580000)
  object space 68608K, 0% used [0x0000000080000000,0x0000000080004000,0x0000000084300000)
 Metaspace       used 4360K, committed 4608K, reserved 1114112K
  class space    used 473K, committed 576K, reserved 1048576K
}
Event: 2.000 GC heap before
{Heap before GC invocations=2 (full 0):
 PSYoungGen      total 29696K, used 28896K [0x00000000d5580000, 0x00000000d7680000, 0x0000000100000000)
  eden space 25600K, 100% used [0x00000000d5580000,0x00000000d6e80000,0x00000000d6e80000)
  from space 4096K, 80% used [0x00000000d6e80000,0x00000000d71b8158,0x00000000d7280000)
  to   space 4096K, 0% used [0x00000000d7280000,0x00000000d7280000,0x00000000d7680000)
 ParOldGen       total 68608K, used 16K [0x0000000080000000, 0x0000000084300000, 0x00000000d5580000)
  object space 68608K, 0% used [0x0000000080000000,0x0000000080004000,0x0000000084300000)
 Metaspace       used 8294K, committed 8576K, reserved 1114112K
  class space    used 882K, committed 1024K, reserved 1048576K
}
Event: 2.005 GC heap after
{Heap after GC invocations=2 (full 0):
 PSYoungGen      total 29696K, used 4075K [0x00000000d5580000, 0x00000000d7680000, 0x0000000100000000)
  eden space 25600K, 0% used [0x00000000d5580000,0x00000000d5580000,0x00000000d6e80000)
  from space 4096K, 99% used [0x00000000d7280000,0x00000000d767aff8,0x00000000d7680000)
  to   space 4096K, 0% used [0x00000000d6e80000,0x00000000d6e80000,0x00000000d7280000)
 ParOldGen       total 68608K, used 947K [0x0000000080000000, 0x0000000084300000, 0x00000000d5580000)
  object space 68608K, 1% used [0x0000000080000000,0x00000000800ecec8,0x0000000084300000)
 Metaspace       used 8294K, committed 8576K, reserved 1114112K
  class space    used 882K, committed 1024K, reserved 1048576K
}
Event: 2.967 GC heap before
{Heap before GC invocations=3 (full 0):
 PSYoungGen      total 29696K, used 29675K [0x00000000d5580000, 0x00000000d7680000, 0x0000000100000000)
  eden space 25600K, 100% used [0x00000000d5580000,0x00000000d6e80000,0x00000000d6e80000)
  from space 4096K, 99% used [0x00000000d7280000,0x00000000d767aff8,0x00000000d7680000)
  to   space 4096K, 0% used [0x00000000d6e80000,0x00000000d6e80000,0x00000000d7280000)
 ParOldGen       total 68608K, used 947K [0x0000000080000000, 0x0000000084300000, 0x00000000d5580000)
  object space 68608K, 1% used [0x0000000080000000,0x00000000800ecec8,0x0000000084300000)
 Metaspace       used 13114K, committed 13632K, reserved 1114112K
  class space    used 1388K, committed 1600K, reserved 1048576K
}
Event: 2.971 GC heap after
{Heap after GC invocations=3 (full 0):
 PSYoungGen      total 29696K, used 4064K [0x00000000d5580000, 0x00000000d7680000, 0x0000000100000000)
  eden space 25600K, 0% used [0x00000000d5580000,0x00000000d5580000,0x00000000d6e80000)
  from space 4096K, 99% used [0x00000000d6e80000,0x00000000d7278208,0x00000000d7280000)
  to   space 4096K, 0% used [0x00000000d7280000,0x00000000d7280000,0x00000000d7680000)
 ParOldGen       total 68608K, used 2828K [0x0000000080000000, 0x0000000084300000, 0x00000000d5580000)
  object space 68608K, 4% used [0x0000000080000000,0x00000000802c30f0,0x0000000084300000)
 Metaspace       used 13114K, committed 13632K, reserved 1114112K
  class space    used 1388K, committed 1600K, reserved 1048576K
}
Event: 4.171 GC heap before
{Heap before GC invocations=4 (full 0):
 PSYoungGen      total 29696K, used 29664K [0x00000000d5580000, 0x00000000d7680000, 0x0000000100000000)
  eden space 25600K, 100% used [0x00000000d5580000,0x00000000d6e80000,0x00000000d6e80000)
  from space 4096K, 99% used [0x00000000d6e80000,0x00000000d7278208,0x00000000d7280000)
  to   space 4096K, 0% used [0x00000000d7280000,0x00000000d7280000,0x00000000d7680000)
 ParOldGen       total 68608K, used 2828K [0x0000000080000000, 0x0000000084300000, 0x00000000d5580000)
  object space 68608K, 4% used [0x0000000080000000,0x00000000802c30f0,0x0000000084300000)
 Metaspace       used 16148K, committed 16832K, reserved 1114112K
  class space    used 1717K, committed 1984K, reserved 1048576K
}
Event: 4.177 GC heap after
{Heap after GC invocations=4 (full 0):
 PSYoungGen      total 29696K, used 4077K [0x00000000d5580000, 0x00000000d7680000, 0x0000000100000000)
  eden space 25600K, 0% used [0x00000000d5580000,0x00000000d5580000,0x00000000d6e80000)
  from space 4096K, 99% used [0x00000000d7280000,0x00000000d767b6d8,0x00000000d7680000)
  to   space 4096K, 0% used [0x00000000d6e80000,0x00000000d6e80000,0x00000000d7280000)
 ParOldGen       total 68608K, used 8107K [0x0000000080000000, 0x0000000084300000, 0x00000000d5580000)
  object space 68608K, 11% used [0x0000000080000000,0x00000000807eaec0,0x0000000084300000)
 Metaspace       used 16148K, committed 16832K, reserved 1114112K
  class space    used 1717K, committed 1984K, reserved 1048576K
}
Event: 4.691 GC heap before
{Heap before GC invocations=5 (full 0):
 PSYoungGen      total 29696K, used 29677K [0x00000000d5580000, 0x00000000d7680000, 0x0000000100000000)
  eden space 25600K, 100% used [0x00000000d5580000,0x00000000d6e80000,0x00000000d6e80000)
  from space 4096K, 99% used [0x00000000d7280000,0x00000000d767b6d8,0x00000000d7680000)
  to   space 4096K, 0% used [0x00000000d6e80000,0x00000000d6e80000,0x00000000d7280000)
 ParOldGen       total 68608K, used 8107K [0x0000000080000000, 0x0000000084300000, 0x00000000d5580000)
  object space 68608K, 11% used [0x0000000080000000,0x00000000807eaec0,0x0000000084300000)
 Metaspace       used 19373K, committed 20032K, reserved 1114112K
  class space    used 1933K, committed 2240K, reserved 1048576K
}
Event: 4.694 GC heap after
{Heap after GC invocations=5 (full 0):
 PSYoungGen      total 29184K, used 4064K [0x00000000d5580000, 0x00000000d7b00000, 0x0000000100000000)
  eden space 25088K, 0% used [0x00000000d5580000,0x00000000d5580000,0x00000000d6e00000)
  from space 4096K, 99% used [0x00000000d6e80000,0x00000000d72783b0,0x00000000d7280000)
  to   space 6656K, 0% used [0x00000000d7480000,0x00000000d7480000,0x00000000d7b00000)
 ParOldGen       total 68608K, used 8547K [0x0000000080000000, 0x0000000084300000, 0x00000000d5580000)
  object space 68608K, 12% used [0x0000000080000000,0x0000000080858ea0,0x0000000084300000)
 Metaspace       used 19373K, committed 20032K, reserved 1114112K
  class space    used 1933K, committed 2240K, reserved 1048576K
}
Event: 5.844 GC heap before
{Heap before GC invocations=6 (full 0):
 PSYoungGen      total 29184K, used 15017K [0x00000000d5580000, 0x00000000d7b00000, 0x0000000100000000)
  eden space 25088K, 43% used [0x00000000d5580000,0x00000000d6032100,0x00000000d6e00000)
  from space 4096K, 99% used [0x00000000d6e80000,0x00000000d72783b0,0x00000000d7280000)
  to   space 6656K, 0% used [0x00000000d7480000,0x00000000d7480000,0x00000000d7b00000)
 ParOldGen       total 68608K, used 8547K [0x0000000080000000, 0x0000000084300000, 0x00000000d5580000)
  object space 68608K, 12% used [0x0000000080000000,0x0000000080858ea0,0x0000000084300000)
 Metaspace       used 20863K, committed 21504K, reserved 1114112K
  class space    used 2056K, committed 2368K, reserved 1048576K
}
Event: 5.847 GC heap after
{Heap after GC invocations=6 (full 0):
 PSYoungGen      total 29696K, used 4575K [0x00000000d5580000, 0x00000000d7900000, 0x0000000100000000)
  eden space 25088K, 0% used [0x00000000d5580000,0x00000000d5580000,0x00000000d6e00000)
  from space 4608K, 99% used [0x00000000d7480000,0x00000000d78f7d08,0x00000000d7900000)
  to   space 5120K, 0% used [0x00000000d6f00000,0x00000000d6f00000,0x00000000d7400000)
 ParOldGen       total 68608K, used 8547K [0x0000000080000000, 0x0000000084300000, 0x00000000d5580000)
  object space 68608K, 12% used [0x0000000080000000,0x0000000080858ea0,0x0000000084300000)
 Metaspace       used 20863K, committed 21504K, reserved 1114112K
  class space    used 2056K, committed 2368K, reserved 1048576K
}
Event: 5.847 GC heap before
{Heap before GC invocations=7 (full 1):
 PSYoungGen      total 29696K, used 4575K [0x00000000d5580000, 0x00000000d7900000, 0x0000000100000000)
  eden space 25088K, 0% used [0x00000000d5580000,0x00000000d5580000,0x00000000d6e00000)
  from space 4608K, 99% used [0x00000000d7480000,0x00000000d78f7d08,0x00000000d7900000)
  to   space 5120K, 0% used [0x00000000d6f00000,0x00000000d6f00000,0x00000000d7400000)
 ParOldGen       total 68608K, used 8547K [0x0000000080000000, 0x0000000084300000, 0x00000000d5580000)
  object space 68608K, 12% used [0x0000000080000000,0x0000000080858ea0,0x0000000084300000)
 Metaspace       used 20863K, committed 21504K, reserved 1114112K
  class space    used 2056K, committed 2368K, reserved 1048576K
}
Event: 5.880 GC heap after
{Heap after GC invocations=7 (full 1):
 PSYoungGen      total 29696K, used 0K [0x00000000d5580000, 0x00000000d7900000, 0x0000000100000000)
  eden space 25088K, 0% used [0x00000000d5580000,0x00000000d5580000,0x00000000d6e00000)
  from space 4608K, 0% used [0x00000000d7480000,0x00000000d7480000,0x00000000d7900000)
  to   space 5120K, 0% used [0x00000000d6f00000,0x00000000d6f00000,0x00000000d7400000)
 ParOldGen       total 68608K, used 12531K [0x0000000080000000, 0x0000000084300000, 0x00000000d5580000)
  object space 68608K, 18% used [0x0000000080000000,0x0000000080c3ce80,0x0000000084300000)
 Metaspace       used 20851K, committed 21504K, reserved 1114112K
  class space    used 2053K, committed 2368K, reserved 1048576K
}

Dll operation events (10 events):
Event: 0.043 Loaded shared library c:\Users\USER\.antigravity\extensions\redhat.java-1.49.0-win32-x64\jre\21.0.9-win32-x86_64\bin\java.dll
Event: 0.211 Loaded shared library c:\Users\USER\.antigravity\extensions\redhat.java-1.49.0-win32-x64\jre\21.0.9-win32-x86_64\bin\zip.dll
Event: 0.249 Loaded shared library C:\Users\USER\.antigravity\extensions\redhat.java-1.49.0-win32-x64\jre\21.0.9-win32-x86_64\bin\instrument.dll
Event: 0.268 Loaded shared library C:\Users\USER\.antigravity\extensions\redhat.java-1.49.0-win32-x64\jre\21.0.9-win32-x86_64\bin\net.dll
Event: 0.281 Loaded shared library C:\Users\USER\.antigravity\extensions\redhat.java-1.49.0-win32-x64\jre\21.0.9-win32-x86_64\bin\nio.dll
Event: 0.285 Loaded shared library C:\Users\USER\.antigravity\extensions\redhat.java-1.49.0-win32-x64\jre\21.0.9-win32-x86_64\bin\zip.dll
Event: 0.335 Loaded shared library C:\Users\USER\.antigravity\extensions\redhat.java-1.49.0-win32-x64\jre\21.0.9-win32-x86_64\bin\jimage.dll
Event: 0.469 Loaded shared library c:\Users\USER\.antigravity\extensions\redhat.java-1.49.0-win32-x64\jre\21.0.9-win32-x86_64\bin\verify.dll
Event: 1.952 Loaded shared library C:\Users\USER\AppData\Roaming\Antigravity\User\globalStorage\redhat.java\1.49.0\config_ss_win\org.eclipse.equinox.launcher\org.eclipse.equinox.launcher.win32.win32.x86_64_1.2.1400.v20250801-0854\eclipse_11916.dll
Event: 3.879 Loaded shared library C:\Users\USER\AppData\Local\Temp\jna-2614219\jna14775033873849427302.dll

Deoptimization events (20 events):
Event: 4.284 Thread 0x000002051f58d680 Uncommon trap: trap_request=0xffffffde fr.pc=0x00000204cc106514 relative=0x00000000000003b4
Event: 4.284 Thread 0x000002051f58d680 Uncommon trap: reason=class_check action=maybe_recompile pc=0x00000204cc106514 method=java.util.regex.Pattern$BmpCharPropertyGreedy.match(Ljava/util/regex/Matcher;ILjava/lang/CharSequence;)Z @ 70 c2
Event: 4.284 Thread 0x000002051f58d680 DEOPT PACKING pc=0x00000204cc106514 sp=0x00000038151f31b0
Event: 4.284 Thread 0x000002051f58d680 DEOPT UNPACKING pc=0x00000204cbac6da2 sp=0x00000038151f3158 mode 2
Event: 4.284 Thread 0x000002051f58d680 Uncommon trap: trap_request=0xffffffde fr.pc=0x00000204cc106514 relative=0x00000000000003b4
Event: 4.284 Thread 0x000002051f58d680 Uncommon trap: reason=class_check action=maybe_recompile pc=0x00000204cc106514 method=java.util.regex.Pattern$BmpCharPropertyGreedy.match(Ljava/util/regex/Matcher;ILjava/lang/CharSequence;)Z @ 70 c2
Event: 4.284 Thread 0x000002051f58d680 DEOPT PACKING pc=0x00000204cc106514 sp=0x00000038151f3000
Event: 4.284 Thread 0x000002051f58d680 DEOPT UNPACKING pc=0x00000204cbac6da2 sp=0x00000038151f2fa8 mode 2
Event: 4.762 Thread 0x000002051f58d680 Uncommon trap: trap_request=0xffffff45 fr.pc=0x00000204cc159c24 relative=0x0000000000000184
Event: 4.762 Thread 0x000002051f58d680 Uncommon trap: reason=unstable_if action=reinterpret pc=0x00000204cc159c24 method=org.lombokweb.asm.ByteVector.putByteArray([BII)Lorg/lombokweb/asm/ByteVector; @ 20 c2
Event: 4.762 Thread 0x000002051f58d680 DEOPT PACKING pc=0x00000204cc159c24 sp=0x00000038151f26c0
Event: 4.762 Thread 0x000002051f58d680 DEOPT UNPACKING pc=0x00000204cbac6da2 sp=0x00000038151f2690 mode 2
Event: 4.762 Thread 0x000002051f58d680 Uncommon trap: trap_request=0xffffff45 fr.pc=0x00000204cc1588a4 relative=0x0000000000000364
Event: 4.762 Thread 0x000002051f58d680 Uncommon trap: reason=unstable_if action=reinterpret pc=0x00000204cc1588a4 method=org.lombokweb.asm.Label.resolve([BLorg/lombokweb/asm/ByteVector;I)Z @ 81 c2
Event: 4.762 Thread 0x000002051f58d680 DEOPT PACKING pc=0x00000204cc1588a4 sp=0x00000038151f2750
Event: 4.762 Thread 0x000002051f58d680 DEOPT UNPACKING pc=0x00000204cbac6da2 sp=0x00000038151f2658 mode 2
Event: 5.825 Thread 0x000002051f58d680 Uncommon trap: trap_request=0xffffff6e fr.pc=0x00000204cc15bcf0 relative=0x0000000000000af0
Event: 5.825 Thread 0x000002051f58d680 Uncommon trap: reason=loop_limit_check action=maybe_recompile pc=0x00000204cc15bcf0 method=java.util.regex.Pattern$StartS.match(Ljava/util/regex/Matcher;ILjava/lang/CharSequence;)Z @ 34 c2
Event: 5.825 Thread 0x000002051f58d680 DEOPT PACKING pc=0x00000204cc15bcf0 sp=0x00000038151f2690
Event: 5.825 Thread 0x000002051f58d680 DEOPT UNPACKING pc=0x00000204cbac6da2 sp=0x00000038151f2610 mode 2

Classes loaded (20 events):
Event: 4.322 Loading class java/util/zip/GZIPInputStream
Event: 4.322 Loading class java/util/zip/GZIPInputStream done
Event: 4.333 Loading class java/net/SocketTimeoutException
Event: 4.333 Loading class java/io/InterruptedIOException
Event: 4.333 Loading class java/io/InterruptedIOException done
Event: 4.333 Loading class java/net/SocketTimeoutException done
Event: 4.333 Loading class java/net/SocketException
Event: 4.333 Loading class java/net/SocketException done
Event: 4.333 Loading class java/net/UnknownHostException
Event: 4.333 Loading class java/net/UnknownHostException done
Event: 4.333 Loading class java/net/ProtocolException
Event: 4.333 Loading class java/net/ProtocolException done
Event: 4.375 Loading class java/lang/ThreadLocal$SuppliedThreadLocal
Event: 4.375 Loading class java/lang/ThreadLocal$SuppliedThreadLocal done
Event: 4.503 Loading class java/io/FileWriter
Event: 4.503 Loading class java/io/FileWriter done
Event: 4.503 Loading class java/lang/NegativeArraySizeException
Event: 4.503 Loading class java/lang/NegativeArraySizeException done
Event: 6.013 Loading class org/w3c/dom/DOMException
Event: 6.013 Loading class org/w3c/dom/DOMException done

Classes unloaded (7 events):
Event: 5.856 Thread 0x00000204d7d90c70 Unloading class 0x00000204d918cc00 'java/lang/invoke/LambdaForm$MH+0x00000204d918cc00'
Event: 5.856 Thread 0x00000204d7d90c70 Unloading class 0x00000204d918c800 'java/lang/invoke/LambdaForm$MH+0x00000204d918c800'
Event: 5.856 Thread 0x00000204d7d90c70 Unloading class 0x00000204d918c400 'java/lang/invoke/LambdaForm$MH+0x00000204d918c400'
Event: 5.856 Thread 0x00000204d7d90c70 Unloading class 0x00000204d918c000 'java/lang/invoke/LambdaForm$MH+0x00000204d918c000'
Event: 5.856 Thread 0x00000204d7d90c70 Unloading class 0x00000204d918bc00 'java/lang/invoke/LambdaForm$BMH+0x00000204d918bc00'
Event: 5.856 Thread 0x00000204d7d90c70 Unloading class 0x00000204d918b800 'java/lang/invoke/LambdaForm$DMH+0x00000204d918b800'
Event: 5.856 Thread 0x00000204d7d90c70 Unloading class 0x00000204d918a400 'java/lang/invoke/LambdaForm$DMH+0x00000204d918a400'

Classes redefined (0 events):
No events

Internal exceptions (20 events):
Event: 3.933 Thread 0x000002051f58d680 Exception <a 'java/lang/NoSuchMethodError'{0x00000000d6918cf8}: 'void java.lang.invoke.DelegatingMethodHandle$Holder.reinvoke_L(java.lang.Object, java.lang.Object, int)'> (0x00000000d6918cf8) 
thrown [s\src\hotspot\share\interpreter\linkResolver.cpp, line 773]
Event: 3.933 Thread 0x000002051f58d680 Exception <a 'java/lang/NoSuchMethodError'{0x00000000d691f9e0}: 'int java.lang.invoke.Invokers$Holder.invokeExact_MT(java.lang.Object, java.lang.Object, java.lang.Object)'> (0x00000000d691f9e0) 
thrown [s\src\hotspot\share\interpreter\linkResolver.cpp, line 773]
Event: 3.995 Thread 0x000002051f58d680 Exception <a 'java/lang/NoSuchMethodError'{0x00000000d6a2b8a8}: 'void java.lang.invoke.Invokers$Holder.invokeExact_MT(java.lang.Object, java.lang.Object, int, java.lang.Object)'> (0x00000000d6a2b8a8) 
thrown [s\src\hotspot\share\interpreter\linkResolver.cpp, line 773]
Event: 4.042 Thread 0x000002051f58d680 Exception <a 'java/lang/NoSuchMethodError'{0x00000000d6b28498}: 'java.lang.Object java.lang.invoke.DirectMethodHandle$Holder.invokeSpecial(java.lang.Object, java.lang.Object, java.lang.Object, long, java.lang.Object)'> (0x00000000d6b28498) 
thrown [s\src\hotspot\share\interpreter\linkResolver.cpp, line 773]
Event: 4.044 Thread 0x000002051f58d680 Exception <a 'java/lang/NoSuchMethodError'{0x00000000d6b2fce0}: 'java.lang.Object java.lang.invoke.DirectMethodHandle$Holder.newInvokeSpecial(java.lang.Object, java.lang.Object, java.lang.Object, long)'> (0x00000000d6b2fce0) 
thrown [s\src\hotspot\share\interpreter\linkResolver.cpp, line 773]
Event: 4.044 Thread 0x000002051f58d680 Exception <a 'java/lang/NoSuchMethodError'{0x00000000d6b34090}: 'java.lang.Object java.lang.invoke.DirectMethodHandle$Holder.invokeSpecial(java.lang.Object, java.lang.Object, java.lang.Object, java.lang.Object, long)'> (0x00000000d6b34090) 
thrown [s\src\hotspot\share\interpreter\linkResolver.cpp, line 773]
Event: 4.044 Thread 0x000002051f58d680 Exception <a 'java/lang/NoSuchMethodError'{0x00000000d6b37cb0}: 'java.lang.Object java.lang.invoke.Invokers$Holder.linkToTargetMethod(java.lang.Object, java.lang.Object, long, java.lang.Object)'> (0x00000000d6b37cb0) 
thrown [s\src\hotspot\share\interpreter\linkResolver.cpp, line 773]
Event: 4.058 Thread 0x000002051f58d680 Exception <a 'java/lang/NoSuchMethodError'{0x00000000d6ba9d00}: 'int java.lang.invoke.DirectMethodHandle$Holder.invokeStaticInit(java.lang.Object, java.lang.Object, java.lang.Object)'> (0x00000000d6ba9d00) 
thrown [s\src\hotspot\share\interpreter\linkResolver.cpp, line 773]
Event: 4.085 Thread 0x000002051f58d680 Exception <a 'java/lang/IncompatibleClassChangeError'{0x00000000d6c33668}: Found class java.lang.Object, but interface was expected> (0x00000000d6c33668) 
thrown [s\src\hotspot\share\interpreter\linkResolver.cpp, line 840]
Event: 4.089 Thread 0x000002051f58d680 Exception <a 'java/lang/NoSuchMethodError'{0x00000000d6c463c0}: 'java.lang.Object java.lang.invoke.DirectMethodHandle$Holder.invokeSpecial(java.lang.Object, java.lang.Object, java.lang.Object, int, java.lang.Object, java.lang.Object)'> (0x00000000d6c463c0) 
thrown [s\src\hotspot\share\interpreter\linkResolver.cpp, line 773]
Event: 4.090 Thread 0x000002051f58d680 Exception <a 'java/lang/NoSuchMethodError'{0x00000000d6c4de98}: 'java.lang.Object java.lang.invoke.DirectMethodHandle$Holder.newInvokeSpecial(java.lang.Object, java.lang.Object, java.lang.Object, int, java.lang.Object)'> (0x00000000d6c4de98) 
thrown [s\src\hotspot\share\interpreter\linkResolver.cpp, line 773]
Event: 4.092 Thread 0x000002051f58d680 Exception <a 'java/lang/NoSuchMethodError'{0x00000000d6c51e18}: 'java.lang.Object java.lang.invoke.DirectMethodHandle$Holder.invokeSpecial(java.lang.Object, java.lang.Object, java.lang.Object, java.lang.Object, int, java.lang.Object)'> (0x00000000d6c51e18) 
thrown [s\src\hotspot\share\interpreter\linkResolver.cpp, line 773]
Event: 4.094 Thread 0x000002051f58d680 Exception <a 'java/lang/NoSuchMethodError'{0x00000000d6c55958}: 'java.lang.Object java.lang.invoke.Invokers$Holder.linkToTargetMethod(java.lang.Object, java.lang.Object, int, java.lang.Object, java.lang.Object)'> (0x00000000d6c55958) 
thrown [s\src\hotspot\share\interpreter\linkResolver.cpp, line 773]
Event: 4.095 Thread 0x00000205205e46e0 Exception <a 'java/lang/NoSuchMethodError'{0x00000000d6b86740}: 'java.lang.Object java.lang.invoke.DirectMethodHandle$Holder.invokeSpecial(java.lang.Object, java.lang.Object, int, java.lang.Object, java.lang.Object)'> (0x00000000d6b86740) 
thrown [s\src\hotspot\share\interpreter\linkResolver.cpp, line 773]
Event: 4.095 Thread 0x00000205205e46e0 Exception <a 'java/lang/NoSuchMethodError'{0x00000000d6b8d478}: 'java.lang.Object java.lang.invoke.DirectMethodHandle$Holder.newInvokeSpecial(java.lang.Object, java.lang.Object, int, java.lang.Object)'> (0x00000000d6b8d478) 
thrown [s\src\hotspot\share\interpreter\linkResolver.cpp, line 773]
Event: 4.096 Thread 0x00000205205e46e0 Exception <a 'java/lang/NoSuchMethodError'{0x00000000d6b90d58}: 'java.lang.Object java.lang.invoke.DirectMethodHandle$Holder.invokeSpecial(java.lang.Object, java.lang.Object, java.lang.Object, int, java.lang.Object)'> (0x00000000d6b90d58) 
thrown [s\src\hotspot\share\interpreter\linkResolver.cpp, line 773]
Event: 4.132 Thread 0x000002051f58d680 Exception <a 'java/lang/NoSuchMethodError'{0x00000000d6d73f60}: 'void java.lang.invoke.DirectMethodHandle$Holder.invokeSpecial(java.lang.Object, java.lang.Object, java.lang.Object, java.lang.Object, java.lang.Object)'> (0x00000000d6d73f60) 
thrown [s\src\hotspot\share\interpreter\linkResolver.cpp, line 773]
Event: 4.237 Thread 0x000002051f58d680 Exception <a 'java/lang/NoSuchMethodError'{0x00000000d56d6c48}: 'double java.lang.invoke.DirectMethodHandle$Holder.invokeStatic(java.lang.Object, java.lang.Object)'> (0x00000000d56d6c48) 
thrown [s\src\hotspot\share\interpreter\linkResolver.cpp, line 773]
Event: 4.237 Thread 0x000002051f58d680 Exception <a 'java/lang/NoSuchMethodError'{0x00000000d56da308}: 'double java.lang.invoke.DirectMethodHandle$Holder.invokeStaticInit(java.lang.Object, java.lang.Object)'> (0x00000000d56da308) 
thrown [s\src\hotspot\share\interpreter\linkResolver.cpp, line 773]
Event: 4.762 Thread 0x000002051f58d680 Implicit null exception at 0x00000204cc159af5 to 0x00000204cc159c08

ZGC Phase Switch (0 events):
No events

VM Operations (20 events):
Event: 3.064 Executing VM operation: HandshakeAllThreads (Deoptimize)
Event: 3.064 Executing VM operation: HandshakeAllThreads (Deoptimize) done
Event: 3.069 Executing VM operation: HandshakeAllThreads (Deoptimize)
Event: 3.069 Executing VM operation: HandshakeAllThreads (Deoptimize) done
Event: 3.094 Executing VM operation: HandshakeAllThreads (Deoptimize)
Event: 3.094 Executing VM operation: HandshakeAllThreads (Deoptimize) done
Event: 3.507 Executing VM operation: HandshakeAllThreads (Deoptimize)
Event: 3.507 Executing VM operation: HandshakeAllThreads (Deoptimize) done
Event: 3.899 Executing VM operation: HandshakeAllThreads (Deoptimize)
Event: 3.899 Executing VM operation: HandshakeAllThreads (Deoptimize) done
Event: 4.157 Executing VM operation: ParallelGCFailedAllocation (Allocation Failure)
Event: 4.177 Executing VM operation: ParallelGCFailedAllocation (Allocation Failure) done
Event: 4.691 Executing VM operation: ParallelGCFailedAllocation (Allocation Failure)
Event: 4.694 Executing VM operation: ParallelGCFailedAllocation (Allocation Failure) done
Event: 5.704 Executing VM operation: Cleanup
Event: 5.788 Executing VM operation: Cleanup done
Event: 5.844 Executing VM operation: CollectForMetadataAllocation (Metadata GC Threshold)
Event: 5.880 Executing VM operation: CollectForMetadataAllocation (Metadata GC Threshold) done
Event: 6.889 Executing VM operation: Cleanup
Event: 6.889 Executing VM operation: Cleanup done

Memory protections (0 events):
No events

Nmethod flushes (0 events):
No events

Events (20 events):
Event: 2.092 Thread 0x000002051a91f010 Thread exited: 0x000002051a91f010
Event: 2.287 Thread 0x000002051f58d680 Thread added: 0x000002051f7664e0
Event: 2.442 Thread 0x00000204d7dcc870 Thread added: 0x000002051f7a1920
Event: 2.442 Thread 0x00000204d7dcc870 Thread added: 0x000002051f7a26c0
Event: 2.786 Thread 0x000002051f58d680 Thread added: 0x000002051f918040
Event: 2.826 Thread 0x000002051f7a26c0 Thread exited: 0x000002051f7a26c0
Event: 3.044 Thread 0x000002051f7a1920 Thread exited: 0x000002051f7a1920
Event: 3.113 Thread 0x00000204d7dcc870 Thread added: 0x000002051f9da530
Event: 3.249 Thread 0x000002051f9da530 Thread added: 0x000002051f9d8320
Event: 3.771 Thread 0x000002051f9d8320 Thread exited: 0x000002051f9d8320
Event: 3.771 Thread 0x000002051f9da530 Thread exited: 0x000002051f9da530
Event: 3.964 Thread 0x000002051f58d680 Thread added: 0x00000205206a2710
Event: 4.048 Thread 0x000002051f58d680 Thread added: 0x00000205205e46e0
Event: 4.097 Thread 0x000002051f58d680 Thread added: 0x00000205205e7240
Event: 4.293 Thread 0x00000204d7dcc870 Thread added: 0x000002051fdde9f0
Event: 4.308 Thread 0x000002051fdde9f0 Thread added: 0x000002051fddf0c0
Event: 4.585 Thread 0x000002051fddf0c0 Thread exited: 0x000002051fddf0c0
Event: 5.190 Thread 0x000002051fdde9f0 Thread exited: 0x000002051fdde9f0
Event: 6.054 Thread 0x00000204d7dcc870 Thread added: 0x00000205200bc1a0
Event: 6.054 Thread 0x00000204d7dcc870 Thread added: 0x00000205200bbad0


Dynamic libraries:
0x00007ff6e82c0000 - 0x00007ff6e82ce000 	c:\Users\USER\.antigravity\extensions\redhat.java-1.49.0-win32-x64\jre\21.0.9-win32-x86_64\bin\java.exe
0x00007ff876300000 - 0x00007ff876568000 	C:\WINDOWS\SYSTEM32\ntdll.dll
0x00007ff8760c0000 - 0x00007ff876189000 	C:\WINDOWS\System32\KERNEL32.DLL
0x00007ff873870000 - 0x00007ff873c68000 	C:\WINDOWS\System32\KERNELBASE.dll
0x00007ff873c70000 - 0x00007ff873dbb000 	C:\WINDOWS\System32\ucrtbase.dll
0x00007ff862050000 - 0x00007ff862068000 	c:\Users\USER\.antigravity\extensions\redhat.java-1.49.0-win32-x64\jre\21.0.9-win32-x86_64\bin\jli.dll
0x00007ff875ef0000 - 0x00007ff8760b7000 	C:\WINDOWS\System32\USER32.dll
0x00007ff859960000 - 0x00007ff859bf4000 	C:\WINDOWS\WinSxS\amd64_microsoft.windows.common-controls_6595b64144ccf1df_6.0.26100.7019_none_3e06ffa0e335b8a8\COMCTL32.dll
0x00007ff8609b0000 - 0x00007ff8609ce000 	c:\Users\USER\.antigravity\extensions\redhat.java-1.49.0-win32-x64\jre\21.0.9-win32-x86_64\bin\VCRUNTIME140.dll
0x00007ff873fc0000 - 0x00007ff873fe7000 	C:\WINDOWS\System32\win32u.dll
0x00007ff8740a0000 - 0x00007ff874149000 	C:\WINDOWS\System32\msvcrt.dll
0x00007ff875480000 - 0x00007ff8754ab000 	C:\WINDOWS\System32\GDI32.dll
0x00007ff873740000 - 0x00007ff87386c000 	C:\WINDOWS\System32\gdi32full.dll
0x00007ff873f10000 - 0x00007ff873fb3000 	C:\WINDOWS\System32\msvcp_win.dll
0x00007ff874150000 - 0x00007ff874181000 	C:\WINDOWS\System32\IMM32.DLL
0x00007ff86ad80000 - 0x00007ff86ad8c000 	c:\Users\USER\.antigravity\extensions\redhat.java-1.49.0-win32-x64\jre\21.0.9-win32-x86_64\bin\vcruntime140_1.dll
0x00007ff82c9d0000 - 0x00007ff82ca5d000 	c:\Users\USER\.antigravity\extensions\redhat.java-1.49.0-win32-x64\jre\21.0.9-win32-x86_64\bin\msvcp140.dll
0x00007fffdb1e0000 - 0x00007fffdbf80000 	c:\Users\USER\.antigravity\extensions\redhat.java-1.49.0-win32-x64\jre\21.0.9-win32-x86_64\bin\server\jvm.dll
0x00007ff874190000 - 0x00007ff874244000 	C:\WINDOWS\System32\ADVAPI32.dll
0x00007ff876190000 - 0x00007ff876236000 	C:\WINDOWS\System32\sechost.dll
0x00007ff875a40000 - 0x00007ff875b58000 	C:\WINDOWS\System32\RPCRT4.dll
0x00007ff874250000 - 0x00007ff8742c4000 	C:\WINDOWS\System32\WS2_32.dll
0x00007ff8732b0000 - 0x00007ff87330e000 	C:\WINDOWS\SYSTEM32\POWRPROF.dll
0x00007ff857940000 - 0x00007ff857975000 	C:\WINDOWS\SYSTEM32\WINMM.dll
0x00007ff8612f0000 - 0x00007ff8612fb000 	C:\WINDOWS\SYSTEM32\VERSION.dll
0x00007ff873290000 - 0x00007ff8732a4000 	C:\WINDOWS\SYSTEM32\UMPDC.dll
0x00007ff872210000 - 0x00007ff87222b000 	C:\WINDOWS\SYSTEM32\kernel.appcore.dll
0x00007ff86ace0000 - 0x00007ff86acea000 	c:\Users\USER\.antigravity\extensions\redhat.java-1.49.0-win32-x64\jre\21.0.9-win32-x86_64\bin\jimage.dll
0x00007ff86ffa0000 - 0x00007ff8701e2000 	C:\WINDOWS\SYSTEM32\DBGHELP.DLL
0x00007ff875b60000 - 0x00007ff875eeb000 	C:\WINDOWS\System32\combase.dll
0x00007ff874e10000 - 0x00007ff874ee7000 	C:\WINDOWS\System32\OLEAUT32.dll
0x00007ff8512e0000 - 0x00007ff85131c000 	C:\WINDOWS\SYSTEM32\dbgcore.DLL
0x00007ff873ff0000 - 0x00007ff874095000 	C:\WINDOWS\System32\bcryptPrimitives.dll
0x00007ff863650000 - 0x00007ff86365f000 	c:\Users\USER\.antigravity\extensions\redhat.java-1.49.0-win32-x64\jre\21.0.9-win32-x86_64\bin\instrument.dll
0x00007ff85f810000 - 0x00007ff85f830000 	c:\Users\USER\.antigravity\extensions\redhat.java-1.49.0-win32-x64\jre\21.0.9-win32-x86_64\bin\java.dll
0x00007ff874440000 - 0x00007ff874b8f000 	C:\WINDOWS\System32\SHELL32.dll
0x00007ff8735d0000 - 0x00007ff87373b000 	C:\WINDOWS\System32\wintypes.dll
0x00007ff871040000 - 0x00007ff87189d000 	C:\WINDOWS\SYSTEM32\windows.storage.dll
0x00007ff875150000 - 0x00007ff875242000 	C:\WINDOWS\System32\SHCORE.dll
0x00007ff8750e0000 - 0x00007ff875147000 	C:\WINDOWS\System32\shlwapi.dll
0x00007ff873370000 - 0x00007ff873399000 	C:\WINDOWS\SYSTEM32\profapi.dll
0x00007ff85e550000 - 0x00007ff85e568000 	c:\Users\USER\.antigravity\extensions\redhat.java-1.49.0-win32-x64\jre\21.0.9-win32-x86_64\bin\zip.dll
0x00007ff863530000 - 0x00007ff863540000 	C:\Users\USER\.antigravity\extensions\redhat.java-1.49.0-win32-x64\jre\21.0.9-win32-x86_64\bin\net.dll
0x00007ff863e20000 - 0x00007ff863f48000 	C:\WINDOWS\SYSTEM32\WINHTTP.dll
0x00007ff872780000 - 0x00007ff8727eb000 	C:\WINDOWS\system32\mswsock.dll
0x00007ff85e460000 - 0x00007ff85e476000 	C:\Users\USER\.antigravity\extensions\redhat.java-1.49.0-win32-x64\jre\21.0.9-win32-x86_64\bin\nio.dll
0x00007ff863390000 - 0x00007ff8633a0000 	c:\Users\USER\.antigravity\extensions\redhat.java-1.49.0-win32-x64\jre\21.0.9-win32-x86_64\bin\verify.dll
0x00007ff832040000 - 0x00007ff832084000 	C:\Users\USER\AppData\Roaming\Antigravity\User\globalStorage\redhat.java\1.49.0\config_ss_win\org.eclipse.equinox.launcher\org.eclipse.equinox.launcher.win32.win32.x86_64_1.2.1400.v20250801-0854\eclipse_11916.dll
0x00007ff8752e0000 - 0x00007ff875477000 	C:\WINDOWS\System32\ole32.dll
0x00007ff872a40000 - 0x00007ff872a5b000 	C:\WINDOWS\SYSTEM32\CRYPTSP.dll
0x00007ff872170000 - 0x00007ff8721aa000 	C:\WINDOWS\system32\rsaenh.dll
0x00007ff872830000 - 0x00007ff87285b000 	C:\WINDOWS\SYSTEM32\USERENV.dll
0x00007ff873340000 - 0x00007ff87336a000 	C:\WINDOWS\SYSTEM32\bcrypt.dll
0x00007ff872a60000 - 0x00007ff872a6c000 	C:\WINDOWS\SYSTEM32\CRYPTBASE.dll
0x00007ff871c30000 - 0x00007ff871c64000 	C:\WINDOWS\SYSTEM32\IPHLPAPI.DLL
0x00007ff874ef0000 - 0x00007ff874efa000 	C:\WINDOWS\System32\NSI.dll
0x00007ff82bef0000 - 0x00007ff82bf39000 	C:\Users\USER\AppData\Local\Temp\jna-2614219\jna14775033873849427302.dll
0x00007ff875550000 - 0x00007ff875558000 	C:\WINDOWS\System32\PSAPI.DLL

JVMTI agents:
c:\Users\USER\.antigravity\extensions\redhat.java-1.49.0-win32-x64\lombok\lombok-1.18.39-4050.jar path:c:\Users\USER\.antigravity\extensions\redhat.java-1.49.0-win32-x64\jre\21.0.9-win32-x86_64\bin\instrument.dll, loaded, initialized, instrumentlib options:none

dbghelp: loaded successfully - version: 4.0.5 - missing functions: none
symbol engine: initialized successfully - sym options: 0x614 - pdb path: .;c:\Users\USER\.antigravity\extensions\redhat.java-1.49.0-win32-x64\jre\21.0.9-win32-x86_64\bin;C:\WINDOWS\SYSTEM32;C:\WINDOWS\WinSxS\amd64_microsoft.windows.common-controls_6595b64144ccf1df_6.0.26100.7019_none_3e06ffa0e335b8a8;c:\Users\USER\.antigravity\extensions\redhat.java-1.49.0-win32-x64\jre\21.0.9-win32-x86_64\bin\server;C:\Users\USER\AppData\Roaming\Antigravity\User\globalStorage\redhat.java\1.49.0\config_ss_win\org.eclipse.equinox.launcher\org.eclipse.equinox.launcher.win32.win32.x86_64_1.2.1400.v20250801-0854;C:\Users\USER\AppData\Local\Temp\jna-2614219

VM Arguments:
jvm_args: --add-modules=ALL-SYSTEM --add-opens=java.base/java.util=ALL-UNNAMED --add-opens=java.base/java.lang=ALL-UNNAMED --add-opens=java.base/sun.nio.fs=ALL-UNNAMED -Declipse.application=org.eclipse.jdt.ls.core.id1 -Dosgi.bundles.defaultStartLevel=4 -Declipse.product=org.eclipse.jdt.ls.core.product -Djava.import.generatesMetadataFilesAtProjectRoot=false -DDetectVMInstallationsJob.disabled=true -Dfile.encoding=utf8 -XX:+UseParallelGC -XX:GCTimeRatio=4 -XX:AdaptiveSizePolicyWeight=90 -Dsun.zip.disableMemoryMapping=true -Xmx2G -Xms100m -Xlog:disable -javaagent:c:\Users\USER\.antigravity\extensions\redhat.java-1.49.0-win32-x64\lombok\lombok-1.18.39-4050.jar 
java_command: c:\Users\USER\.antigravity\extensions\redhat.java-1.49.0-win32-x64\server\plugins\org.eclipse.equinox.launcher_1.7.100.v20251111-0406.jar -configuration c:\Users\USER\AppData\Roaming\Antigravity\User\globalStorage\redhat.java\1.49.0\config_ss_win -data c:\Users\USER\AppData\Roaming\Antigravity\User\workspaceStorage\77320072bdb9570e2d04ae4f959e61bd\redhat.java\ss_ws --pipe=\\.\pipe\lsp-3ac2ca4df18abfed203f9a8d3e98b7e5-sock
java_class_path (initial): c:\Users\USER\.antigravity\extensions\redhat.java-1.49.0-win32-x64\server\plugins\org.eclipse.equinox.launcher_1.7.100.v20251111-0406.jar
Launcher Type: SUN_STANDARD

[Global flags]
    uintx AdaptiveSizePolicyWeight                 = 90                                        {product} {command line}
     intx CICompilerCount                          = 4                                         {product} {ergonomic}
    uintx GCTimeRatio                              = 4                                         {product} {command line}
   size_t InitialHeapSize                          = 104857600                                 {product} {command line}
   size_t MaxHeapSize                              = 2147483648                                {product} {command line}
   size_t MaxNewSize                               = 715653120                                 {product} {ergonomic}
   size_t MinHeapDeltaBytes                        = 524288                                    {product} {ergonomic}
   size_t MinHeapSize                              = 104857600                                 {product} {command line}
   size_t NewSize                                  = 34603008                                  {product} {ergonomic}
    uintx NonNMethodCodeHeapSize                   = 5839372                                {pd product} {ergonomic}
    uintx NonProfiledCodeHeapSize                  = 122909434                              {pd product} {ergonomic}
   size_t OldSize                                  = 70254592                                  {product} {ergonomic}
    uintx ProfiledCodeHeapSize                     = 122909434                              {pd product} {ergonomic}
    uintx ReservedCodeCacheSize                    = 251658240                              {pd product} {ergonomic}
     bool SegmentedCodeCache                       = true                                      {product} {ergonomic}
   size_t SoftMaxHeapSize                          = 2147483648                             {manageable} {ergonomic}
     bool UseCompressedOops                        = true                           {product lp64_product} {ergonomic}
     bool UseLargePagesIndividualAllocation        = false                                  {pd product} {ergonomic}
     bool UseParallelGC                            = true                                      {product} {command line}

Logging:
Log output configuration:
 #0: stdout all=off uptime,level,tags foldmultilines=false
 #1: stderr all=off uptime,level,tags foldmultilines=false

Release file:
JAVA_VERSION="21.0.9" 
MODULES="java.base java.compiler java.datatransfer java.xml java.prefs java.desktop java.instrument java.logging java.management java.security.sasl java.naming java.rmi java.management.rmi java.net.http java.scripting java.security.jgss java.transaction.xa java.sql java.sql.rowset java.xml.crypto java.se java.smartcardio jdk.accessibility jdk.internal.jvmstat jdk.attach jdk.charsets jdk.internal.opt jdk.zipfs jdk.compiler jdk.crypto.ec jdk.crypto.cryptoki jdk.crypto.mscapi jdk.dynalink jdk.internal.ed jdk.editpad jdk.hotspot.agent jdk.httpserver jdk.internal.le jdk.internal.vm.ci jdk.internal.vm.compiler jdk.internal.vm.compiler.management jdk.jartool jdk.javadoc jdk.jcmd jdk.management jdk.management.agent jdk.jconsole jdk.jdeps jdk.jdwp.agent jdk.jdi jdk.jfr jdk.jshell jdk.jsobject jdk.jstatd jdk.localedata jdk.management.jfr jdk.naming.dns jdk.naming.rmi jdk.net jdk.nio.mapmode jdk.random jdk.sctp jdk.security.auth jdk.security.jgss jdk.unsupported jdk.unsupported.desktop jdk.xml.dom" 

Environment Variables:
PATH=C:\Program Files\Common Files\Oracle\Java\javapath;C:\ProgramData\Oracle\Java\javapath;C:\Windows\system32;C:\Windows;C:\Windows\System32\Wbem;C:\Windows\System32\WindowsPowerShell\v1.0\;C:\Windows\System32\OpenSSH\;C:\Program Files (x86)\NVIDIA Corporation\PhysX\Common;C:\WINDOWS\system32;C:\WINDOWS;C:\WINDOWS\System32\Wbem;C:\WINDOWS\System32\WindowsPowerShell\v1.0\;C:\WINDOWS\System32\OpenSSH\;C:\Program Files\NVIDIA Corporation\NVIDIA App\NvDLISR;C:\Program Files\nodejs\;C:\Program Files\Git\cmd;C:\Program Files\dotnet\;c:\Users\USER\AppData\Local\Programs\cursor\resources\app\bin;C:\Program Files\Docker\Docker\resources\bin;C:\Users\USER\AppData\Local\Programs\Python\Python312\Scripts\;C:\Users\USER\AppData\Local\Programs\Python\Python312\;C:\Users\USER\AppData\Local\Programs\Python\Python313\Scripts\;C:\Users\USER\AppData\Local\Programs\Python\Python313\;C:\Users\USER\AppData\Local\Microsoft\WindowsApps;C:\Program Files\Tesseract-OCR;C:\Users\USER\AppData\Local\Programs\Microsoft VS Code\bin;C:\Users\USER\AppData\Local\GitHubDesktop\bin;C:\Program Files\JetBrains\PyCharm 2025.1.2\bin;;C:\Users\USER\AppData\Roaming\npm;C:\Users\USER\AppData\Local\Programs\cursor\resources\app\bin;C:\platform-tools-latest-windows\platform-tools;C:\Program Files\Java\jdk-21\bin;C:\Users\USER\AppData\Local\Programs\Antigravity\bin
USERNAME=USER
OS=Windows_NT
PROCESSOR_IDENTIFIER=Intel64 Family 6 Model 140 Stepping 1, GenuineIntel
TMP=C:\Users\USER\AppData\Local\Temp
TEMP=C:\Users\USER\AppData\Local\Temp




Periodic native trim disabled

---------------  S Y S T E M  ---------------

OS:
 Windows 11 , 64 bit Build 26100 (10.0.26100.7019)
OS uptime: 10 days 6:31 hours
Hyper-V role detected

CPU: total 8 (initial active 8) (4 cores per cpu, 2 threads per core) family 6 model 140 stepping 1 microcode 0xb6, cx8, cmov, fxsr, ht, mmx, 3dnowpref, sse, sse2, sse3, ssse3, sse4.1, sse4.2, popcnt, lzcnt, tsc, tscinvbit, avx, avx2, aes, erms, clmul, bmi1, bmi2, adx, avx512f, avx512dq, avx512cd, avx512bw, avx512vl, sha, fma, vzeroupper, avx512_vpopcntdq, avx512_vpclmulqdq, avx512_vaes, avx512_vnni, clflush, clflushopt, clwb, avx512_vbmi2, avx512_vbmi, hv, rdtscp, rdpid, fsrm, gfni, avx512_bitalg, f16c, cet_ibt, cet_ss, avx512_ifma
Processor Information for the first 8 processors :
  Max Mhz: 2419, Current Mhz: 2419, Mhz Limit: 2419

Memory: 4k page, system-wide physical 16078M (4249M free)
TotalPageFile size 20174M (AvailPageFile size 4M)
current process WorkingSet (physical memory assigned to process): 152M, peak: 152M
current process commit charge ("private bytes"): 282M, peak: 283M

vm_info: OpenJDK 64-Bit Server VM (21.0.9+10-LTS) for windows-amd64 JRE (21.0.9+10-LTS), built on 2025-10-21T00:00:00Z by "admin" with unknown MS VC++:1942

END.
